[2022-05-04 20:10:26,025] {processor.py:153} INFO - Started process (PID=162) to work on /home/airflow/.local/lib/python3.7/site-packages/airflow/example_dags/example_trigger_controller_dag.py
[2022-05-04 20:10:26,058] {processor.py:641} INFO - Processing file /home/airflow/.local/lib/python3.7/site-packages/airflow/example_dags/example_trigger_controller_dag.py for tasks to queue
[2022-05-04 20:10:26,131] {logging_mixin.py:115} INFO - [2022-05-04 20:10:26,131] {dagbag.py:507} INFO - Filling up the DagBag from /home/airflow/.local/lib/python3.7/site-packages/airflow/example_dags/example_trigger_controller_dag.py
[2022-05-04 20:10:26,337] {processor.py:651} INFO - DAG(s) dict_keys(['example_trigger_controller_dag']) retrieved from /home/airflow/.local/lib/python3.7/site-packages/airflow/example_dags/example_trigger_controller_dag.py
[2022-05-04 20:10:32,811] {logging_mixin.py:115} INFO - [2022-05-04 20:10:32,811] {manager.py:508} INFO - Created Permission View: can read on DAG:example_trigger_controller_dag
[2022-05-04 20:10:33,261] {logging_mixin.py:115} INFO - [2022-05-04 20:10:33,261] {manager.py:508} INFO - Created Permission View: can delete on DAG:example_trigger_controller_dag
[2022-05-04 20:10:33,626] {logging_mixin.py:115} INFO - [2022-05-04 20:10:33,626] {manager.py:508} INFO - Created Permission View: can edit on DAG:example_trigger_controller_dag
[2022-05-04 20:10:33,660] {logging_mixin.py:115} INFO - [2022-05-04 20:10:33,659] {dag.py:2371} INFO - Sync 1 DAGs
[2022-05-04 20:10:34,268] {logging_mixin.py:115} INFO - [2022-05-04 20:10:34,268] {dag.py:2390} INFO - Creating ORM DAG for example_trigger_controller_dag
[2022-05-04 20:10:35,188] {logging_mixin.py:115} INFO - [2022-05-04 20:10:35,187] {dag.py:2919} INFO - Setting next_dagrun for example_trigger_controller_dag to 2021-01-01T00:00:00+00:00, run_after=2021-01-01T00:00:00+00:00
[2022-05-04 20:10:35,994] {processor.py:161} INFO - Processing /home/airflow/.local/lib/python3.7/site-packages/airflow/example_dags/example_trigger_controller_dag.py took 10.292 seconds
[2022-05-04 20:24:56,872] {processor.py:153} INFO - Started process (PID=387) to work on /home/airflow/.local/lib/python3.7/site-packages/airflow/example_dags/example_trigger_controller_dag.py
[2022-05-04 20:24:57,287] {processor.py:641} INFO - Processing file /home/airflow/.local/lib/python3.7/site-packages/airflow/example_dags/example_trigger_controller_dag.py for tasks to queue
[2022-05-04 20:24:58,320] {logging_mixin.py:115} INFO - [2022-05-04 20:24:58,319] {dagbag.py:507} INFO - Filling up the DagBag from /home/airflow/.local/lib/python3.7/site-packages/airflow/example_dags/example_trigger_controller_dag.py
[2022-05-04 20:25:05,415] {processor.py:651} INFO - DAG(s) dict_keys(['example_trigger_controller_dag']) retrieved from /home/airflow/.local/lib/python3.7/site-packages/airflow/example_dags/example_trigger_controller_dag.py
[2022-05-04 21:17:49,818] {processor.py:153} INFO - Started process (PID=244) to work on /home/airflow/.local/lib/python3.7/site-packages/airflow/example_dags/example_trigger_controller_dag.py
[2022-05-04 21:17:49,856] {processor.py:641} INFO - Processing file /home/airflow/.local/lib/python3.7/site-packages/airflow/example_dags/example_trigger_controller_dag.py for tasks to queue
[2022-05-04 21:17:50,050] {logging_mixin.py:115} INFO - [2022-05-04 21:17:50,050] {dagbag.py:507} INFO - Filling up the DagBag from /home/airflow/.local/lib/python3.7/site-packages/airflow/example_dags/example_trigger_controller_dag.py
[2022-05-04 21:17:56,437] {processor.py:651} INFO - DAG(s) dict_keys(['example_trigger_controller_dag']) retrieved from /home/airflow/.local/lib/python3.7/site-packages/airflow/example_dags/example_trigger_controller_dag.py
[2022-05-04 21:18:01,338] {logging_mixin.py:115} INFO - [2022-05-04 21:18:01,338] {manager.py:508} INFO - Created Permission View: can edit on DAG:example_trigger_controller_dag
[2022-05-04 21:18:02,479] {logging_mixin.py:115} INFO - [2022-05-04 21:18:02,479] {manager.py:508} INFO - Created Permission View: can delete on DAG:example_trigger_controller_dag
[2022-05-04 21:18:02,746] {logging_mixin.py:115} INFO - [2022-05-04 21:18:02,746] {manager.py:508} INFO - Created Permission View: can read on DAG:example_trigger_controller_dag
[2022-05-04 21:18:02,749] {logging_mixin.py:115} INFO - [2022-05-04 21:18:02,748] {dag.py:2371} INFO - Sync 1 DAGs
[2022-05-04 21:18:02,985] {logging_mixin.py:115} INFO - [2022-05-04 21:18:02,974] {dag.py:2390} INFO - Creating ORM DAG for example_trigger_controller_dag
[2022-05-04 21:18:03,229] {logging_mixin.py:115} INFO - [2022-05-04 21:18:03,229] {dag.py:2919} INFO - Setting next_dagrun for example_trigger_controller_dag to 2021-01-01T00:00:00+00:00, run_after=2021-01-01T00:00:00+00:00
[2022-05-04 21:18:03,529] {processor.py:161} INFO - Processing /home/airflow/.local/lib/python3.7/site-packages/airflow/example_dags/example_trigger_controller_dag.py took 13.829 seconds
[2022-05-04 21:19:55,601] {processor.py:153} INFO - Started process (PID=480) to work on /home/airflow/.local/lib/python3.7/site-packages/airflow/example_dags/example_trigger_controller_dag.py
[2022-05-04 21:19:55,609] {processor.py:641} INFO - Processing file /home/airflow/.local/lib/python3.7/site-packages/airflow/example_dags/example_trigger_controller_dag.py for tasks to queue
[2022-05-04 21:19:55,617] {logging_mixin.py:115} INFO - [2022-05-04 21:19:55,616] {dagbag.py:507} INFO - Filling up the DagBag from /home/airflow/.local/lib/python3.7/site-packages/airflow/example_dags/example_trigger_controller_dag.py
[2022-05-04 21:19:56,318] {processor.py:651} INFO - DAG(s) dict_keys(['example_trigger_controller_dag']) retrieved from /home/airflow/.local/lib/python3.7/site-packages/airflow/example_dags/example_trigger_controller_dag.py
[2022-05-04 21:19:56,381] {logging_mixin.py:115} INFO - [2022-05-04 21:19:56,380] {dag.py:2371} INFO - Sync 1 DAGs
[2022-05-04 21:19:56,437] {logging_mixin.py:115} INFO - [2022-05-04 21:19:56,437] {dag.py:2919} INFO - Setting next_dagrun for example_trigger_controller_dag to 2021-01-01T00:00:00+00:00, run_after=2021-01-01T00:00:00+00:00
[2022-05-04 21:19:56,519] {processor.py:161} INFO - Processing /home/airflow/.local/lib/python3.7/site-packages/airflow/example_dags/example_trigger_controller_dag.py took 0.941 seconds
[2022-05-04 21:20:27,081] {processor.py:153} INFO - Started process (PID=672) to work on /home/airflow/.local/lib/python3.7/site-packages/airflow/example_dags/example_trigger_controller_dag.py
[2022-05-04 21:20:27,085] {processor.py:641} INFO - Processing file /home/airflow/.local/lib/python3.7/site-packages/airflow/example_dags/example_trigger_controller_dag.py for tasks to queue
[2022-05-04 21:20:27,087] {logging_mixin.py:115} INFO - [2022-05-04 21:20:27,087] {dagbag.py:507} INFO - Filling up the DagBag from /home/airflow/.local/lib/python3.7/site-packages/airflow/example_dags/example_trigger_controller_dag.py
[2022-05-04 21:20:27,320] {processor.py:651} INFO - DAG(s) dict_keys(['example_trigger_controller_dag']) retrieved from /home/airflow/.local/lib/python3.7/site-packages/airflow/example_dags/example_trigger_controller_dag.py
[2022-05-04 21:20:27,365] {logging_mixin.py:115} INFO - [2022-05-04 21:20:27,365] {dag.py:2371} INFO - Sync 1 DAGs
[2022-05-04 21:20:27,411] {logging_mixin.py:115} INFO - [2022-05-04 21:20:27,411] {dag.py:2919} INFO - Setting next_dagrun for example_trigger_controller_dag to 2021-01-01T00:00:00+00:00, run_after=2021-01-01T00:00:00+00:00
[2022-05-04 21:20:27,444] {processor.py:161} INFO - Processing /home/airflow/.local/lib/python3.7/site-packages/airflow/example_dags/example_trigger_controller_dag.py took 0.372 seconds
[2022-05-04 21:20:58,275] {processor.py:153} INFO - Started process (PID=860) to work on /home/airflow/.local/lib/python3.7/site-packages/airflow/example_dags/example_trigger_controller_dag.py
[2022-05-04 21:20:58,281] {processor.py:641} INFO - Processing file /home/airflow/.local/lib/python3.7/site-packages/airflow/example_dags/example_trigger_controller_dag.py for tasks to queue
[2022-05-04 21:20:58,284] {logging_mixin.py:115} INFO - [2022-05-04 21:20:58,284] {dagbag.py:507} INFO - Filling up the DagBag from /home/airflow/.local/lib/python3.7/site-packages/airflow/example_dags/example_trigger_controller_dag.py
[2022-05-04 21:20:58,540] {processor.py:651} INFO - DAG(s) dict_keys(['example_trigger_controller_dag']) retrieved from /home/airflow/.local/lib/python3.7/site-packages/airflow/example_dags/example_trigger_controller_dag.py
[2022-05-04 21:20:58,604] {logging_mixin.py:115} INFO - [2022-05-04 21:20:58,604] {dag.py:2371} INFO - Sync 1 DAGs
[2022-05-04 21:20:58,656] {logging_mixin.py:115} INFO - [2022-05-04 21:20:58,656] {dag.py:2919} INFO - Setting next_dagrun for example_trigger_controller_dag to 2021-01-01T00:00:00+00:00, run_after=2021-01-01T00:00:00+00:00
[2022-05-04 21:20:58,700] {processor.py:161} INFO - Processing /home/airflow/.local/lib/python3.7/site-packages/airflow/example_dags/example_trigger_controller_dag.py took 0.434 seconds
[2022-05-04 21:21:29,903] {processor.py:153} INFO - Started process (PID=1049) to work on /home/airflow/.local/lib/python3.7/site-packages/airflow/example_dags/example_trigger_controller_dag.py
[2022-05-04 21:21:29,908] {processor.py:641} INFO - Processing file /home/airflow/.local/lib/python3.7/site-packages/airflow/example_dags/example_trigger_controller_dag.py for tasks to queue
[2022-05-04 21:21:29,913] {logging_mixin.py:115} INFO - [2022-05-04 21:21:29,912] {dagbag.py:507} INFO - Filling up the DagBag from /home/airflow/.local/lib/python3.7/site-packages/airflow/example_dags/example_trigger_controller_dag.py
[2022-05-04 21:21:30,408] {processor.py:651} INFO - DAG(s) dict_keys(['example_trigger_controller_dag']) retrieved from /home/airflow/.local/lib/python3.7/site-packages/airflow/example_dags/example_trigger_controller_dag.py
[2022-05-04 21:21:30,487] {logging_mixin.py:115} INFO - [2022-05-04 21:21:30,487] {dag.py:2371} INFO - Sync 1 DAGs
[2022-05-04 21:21:30,620] {logging_mixin.py:115} INFO - [2022-05-04 21:21:30,620] {dag.py:2919} INFO - Setting next_dagrun for example_trigger_controller_dag to 2021-01-01T00:00:00+00:00, run_after=2021-01-01T00:00:00+00:00
[2022-05-04 21:21:30,672] {processor.py:161} INFO - Processing /home/airflow/.local/lib/python3.7/site-packages/airflow/example_dags/example_trigger_controller_dag.py took 0.778 seconds
[2022-05-04 21:22:01,755] {processor.py:153} INFO - Started process (PID=1239) to work on /home/airflow/.local/lib/python3.7/site-packages/airflow/example_dags/example_trigger_controller_dag.py
[2022-05-04 21:22:01,759] {processor.py:641} INFO - Processing file /home/airflow/.local/lib/python3.7/site-packages/airflow/example_dags/example_trigger_controller_dag.py for tasks to queue
[2022-05-04 21:22:01,770] {logging_mixin.py:115} INFO - [2022-05-04 21:22:01,770] {dagbag.py:507} INFO - Filling up the DagBag from /home/airflow/.local/lib/python3.7/site-packages/airflow/example_dags/example_trigger_controller_dag.py
[2022-05-04 21:22:02,404] {processor.py:651} INFO - DAG(s) dict_keys(['example_trigger_controller_dag']) retrieved from /home/airflow/.local/lib/python3.7/site-packages/airflow/example_dags/example_trigger_controller_dag.py
[2022-05-04 21:22:02,486] {logging_mixin.py:115} INFO - [2022-05-04 21:22:02,486] {dag.py:2371} INFO - Sync 1 DAGs
[2022-05-04 21:22:02,585] {logging_mixin.py:115} INFO - [2022-05-04 21:22:02,584] {dag.py:2919} INFO - Setting next_dagrun for example_trigger_controller_dag to 2021-01-01T00:00:00+00:00, run_after=2021-01-01T00:00:00+00:00
[2022-05-04 21:22:02,642] {processor.py:161} INFO - Processing /home/airflow/.local/lib/python3.7/site-packages/airflow/example_dags/example_trigger_controller_dag.py took 0.902 seconds
[2022-05-04 21:22:32,994] {processor.py:153} INFO - Started process (PID=1429) to work on /home/airflow/.local/lib/python3.7/site-packages/airflow/example_dags/example_trigger_controller_dag.py
[2022-05-04 21:22:32,998] {processor.py:641} INFO - Processing file /home/airflow/.local/lib/python3.7/site-packages/airflow/example_dags/example_trigger_controller_dag.py for tasks to queue
[2022-05-04 21:22:33,002] {logging_mixin.py:115} INFO - [2022-05-04 21:22:33,001] {dagbag.py:507} INFO - Filling up the DagBag from /home/airflow/.local/lib/python3.7/site-packages/airflow/example_dags/example_trigger_controller_dag.py
[2022-05-04 21:22:33,021] {processor.py:651} INFO - DAG(s) dict_keys(['example_trigger_controller_dag']) retrieved from /home/airflow/.local/lib/python3.7/site-packages/airflow/example_dags/example_trigger_controller_dag.py
[2022-05-04 21:22:33,077] {logging_mixin.py:115} INFO - [2022-05-04 21:22:33,077] {dag.py:2371} INFO - Sync 1 DAGs
[2022-05-04 21:22:33,125] {logging_mixin.py:115} INFO - [2022-05-04 21:22:33,125] {dag.py:2919} INFO - Setting next_dagrun for example_trigger_controller_dag to 2021-01-01T00:00:00+00:00, run_after=2021-01-01T00:00:00+00:00
[2022-05-04 21:22:33,149] {processor.py:161} INFO - Processing /home/airflow/.local/lib/python3.7/site-packages/airflow/example_dags/example_trigger_controller_dag.py took 0.167 seconds
[2022-05-04 21:23:03,860] {processor.py:153} INFO - Started process (PID=1627) to work on /home/airflow/.local/lib/python3.7/site-packages/airflow/example_dags/example_trigger_controller_dag.py
[2022-05-04 21:23:03,863] {processor.py:641} INFO - Processing file /home/airflow/.local/lib/python3.7/site-packages/airflow/example_dags/example_trigger_controller_dag.py for tasks to queue
[2022-05-04 21:23:03,866] {logging_mixin.py:115} INFO - [2022-05-04 21:23:03,866] {dagbag.py:507} INFO - Filling up the DagBag from /home/airflow/.local/lib/python3.7/site-packages/airflow/example_dags/example_trigger_controller_dag.py
[2022-05-04 21:23:03,874] {processor.py:651} INFO - DAG(s) dict_keys(['example_trigger_controller_dag']) retrieved from /home/airflow/.local/lib/python3.7/site-packages/airflow/example_dags/example_trigger_controller_dag.py
[2022-05-04 21:23:03,935] {logging_mixin.py:115} INFO - [2022-05-04 21:23:03,935] {dag.py:2371} INFO - Sync 1 DAGs
[2022-05-04 21:23:03,992] {logging_mixin.py:115} INFO - [2022-05-04 21:23:03,992] {dag.py:2919} INFO - Setting next_dagrun for example_trigger_controller_dag to 2021-01-01T00:00:00+00:00, run_after=2021-01-01T00:00:00+00:00
[2022-05-04 21:23:04,036] {processor.py:161} INFO - Processing /home/airflow/.local/lib/python3.7/site-packages/airflow/example_dags/example_trigger_controller_dag.py took 0.182 seconds
[2022-05-04 21:23:35,772] {processor.py:153} INFO - Started process (PID=1820) to work on /home/airflow/.local/lib/python3.7/site-packages/airflow/example_dags/example_trigger_controller_dag.py
[2022-05-04 21:23:35,790] {processor.py:641} INFO - Processing file /home/airflow/.local/lib/python3.7/site-packages/airflow/example_dags/example_trigger_controller_dag.py for tasks to queue
[2022-05-04 21:23:35,797] {logging_mixin.py:115} INFO - [2022-05-04 21:23:35,797] {dagbag.py:507} INFO - Filling up the DagBag from /home/airflow/.local/lib/python3.7/site-packages/airflow/example_dags/example_trigger_controller_dag.py
[2022-05-04 21:23:35,857] {processor.py:651} INFO - DAG(s) dict_keys(['example_trigger_controller_dag']) retrieved from /home/airflow/.local/lib/python3.7/site-packages/airflow/example_dags/example_trigger_controller_dag.py
[2022-05-04 21:23:36,299] {logging_mixin.py:115} INFO - [2022-05-04 21:23:36,294] {dag.py:2371} INFO - Sync 1 DAGs
[2022-05-04 21:23:36,653] {logging_mixin.py:115} INFO - [2022-05-04 21:23:36,647] {dag.py:2919} INFO - Setting next_dagrun for example_trigger_controller_dag to 2021-01-01T00:00:00+00:00, run_after=2021-01-01T00:00:00+00:00
[2022-05-04 21:23:36,737] {processor.py:161} INFO - Processing /home/airflow/.local/lib/python3.7/site-packages/airflow/example_dags/example_trigger_controller_dag.py took 0.997 seconds
