[2022-05-04 20:10:56,095] {processor.py:153} INFO - Started process (PID=178) to work on /home/airflow/.local/lib/python3.7/site-packages/airflow/example_dags/example_branch_day_of_week_operator.py
[2022-05-04 20:10:56,124] {processor.py:641} INFO - Processing file /home/airflow/.local/lib/python3.7/site-packages/airflow/example_dags/example_branch_day_of_week_operator.py for tasks to queue
[2022-05-04 20:10:56,130] {logging_mixin.py:115} INFO - [2022-05-04 20:10:56,130] {dagbag.py:507} INFO - Filling up the DagBag from /home/airflow/.local/lib/python3.7/site-packages/airflow/example_dags/example_branch_day_of_week_operator.py
[2022-05-04 20:10:56,781] {processor.py:651} INFO - DAG(s) dict_keys(['example_weekday_branch_operator']) retrieved from /home/airflow/.local/lib/python3.7/site-packages/airflow/example_dags/example_branch_day_of_week_operator.py
[2022-05-04 20:11:02,718] {logging_mixin.py:115} INFO - [2022-05-04 20:11:02,676] {manager.py:508} INFO - Created Permission View: can read on DAG:example_weekday_branch_operator
[2022-05-04 20:11:03,404] {logging_mixin.py:115} INFO - [2022-05-04 20:11:03,373] {manager.py:508} INFO - Created Permission View: can delete on DAG:example_weekday_branch_operator
[2022-05-04 20:11:03,808] {logging_mixin.py:115} INFO - [2022-05-04 20:11:03,808] {manager.py:508} INFO - Created Permission View: can edit on DAG:example_weekday_branch_operator
[2022-05-04 20:11:03,813] {logging_mixin.py:115} INFO - [2022-05-04 20:11:03,811] {dag.py:2371} INFO - Sync 1 DAGs
[2022-05-04 20:11:04,315] {logging_mixin.py:115} INFO - [2022-05-04 20:11:04,315] {dag.py:2390} INFO - Creating ORM DAG for example_weekday_branch_operator
[2022-05-04 20:11:04,851] {logging_mixin.py:115} INFO - [2022-05-04 20:11:04,851] {dag.py:2919} INFO - Setting next_dagrun for example_weekday_branch_operator to 2022-05-03T00:00:00+00:00, run_after=2022-05-04T00:00:00+00:00
[2022-05-04 20:11:05,648] {processor.py:161} INFO - Processing /home/airflow/.local/lib/python3.7/site-packages/airflow/example_dags/example_branch_day_of_week_operator.py took 9.753 seconds
[2022-05-04 21:18:15,313] {processor.py:153} INFO - Started process (PID=284) to work on /home/airflow/.local/lib/python3.7/site-packages/airflow/example_dags/example_branch_day_of_week_operator.py
[2022-05-04 21:18:15,333] {processor.py:641} INFO - Processing file /home/airflow/.local/lib/python3.7/site-packages/airflow/example_dags/example_branch_day_of_week_operator.py for tasks to queue
[2022-05-04 21:18:15,469] {logging_mixin.py:115} INFO - [2022-05-04 21:18:15,468] {dagbag.py:507} INFO - Filling up the DagBag from /home/airflow/.local/lib/python3.7/site-packages/airflow/example_dags/example_branch_day_of_week_operator.py
[2022-05-04 21:18:19,925] {processor.py:651} INFO - DAG(s) dict_keys(['example_weekday_branch_operator']) retrieved from /home/airflow/.local/lib/python3.7/site-packages/airflow/example_dags/example_branch_day_of_week_operator.py
[2022-05-04 21:18:22,214] {logging_mixin.py:115} INFO - [2022-05-04 21:18:22,214] {manager.py:508} INFO - Created Permission View: can edit on DAG:example_weekday_branch_operator
[2022-05-04 21:18:22,388] {logging_mixin.py:115} INFO - [2022-05-04 21:18:22,388] {manager.py:508} INFO - Created Permission View: can delete on DAG:example_weekday_branch_operator
[2022-05-04 21:18:22,730] {logging_mixin.py:115} INFO - [2022-05-04 21:18:22,718] {manager.py:508} INFO - Created Permission View: can read on DAG:example_weekday_branch_operator
[2022-05-04 21:18:22,763] {logging_mixin.py:115} INFO - [2022-05-04 21:18:22,763] {dag.py:2371} INFO - Sync 1 DAGs
[2022-05-04 21:18:23,087] {logging_mixin.py:115} INFO - [2022-05-04 21:18:23,082] {dag.py:2390} INFO - Creating ORM DAG for example_weekday_branch_operator
[2022-05-04 21:18:23,409] {logging_mixin.py:115} INFO - [2022-05-04 21:18:23,343] {dag.py:2919} INFO - Setting next_dagrun for example_weekday_branch_operator to 2022-05-03T00:00:00+00:00, run_after=2022-05-04T00:00:00+00:00
[2022-05-04 21:18:23,723] {processor.py:161} INFO - Processing /home/airflow/.local/lib/python3.7/site-packages/airflow/example_dags/example_branch_day_of_week_operator.py took 8.533 seconds
[2022-05-04 21:19:58,702] {processor.py:153} INFO - Started process (PID=505) to work on /home/airflow/.local/lib/python3.7/site-packages/airflow/example_dags/example_branch_day_of_week_operator.py
[2022-05-04 21:19:58,717] {processor.py:641} INFO - Processing file /home/airflow/.local/lib/python3.7/site-packages/airflow/example_dags/example_branch_day_of_week_operator.py for tasks to queue
[2022-05-04 21:19:58,724] {logging_mixin.py:115} INFO - [2022-05-04 21:19:58,723] {dagbag.py:507} INFO - Filling up the DagBag from /home/airflow/.local/lib/python3.7/site-packages/airflow/example_dags/example_branch_day_of_week_operator.py
[2022-05-04 21:19:59,328] {processor.py:651} INFO - DAG(s) dict_keys(['example_weekday_branch_operator']) retrieved from /home/airflow/.local/lib/python3.7/site-packages/airflow/example_dags/example_branch_day_of_week_operator.py
[2022-05-04 21:19:59,439] {logging_mixin.py:115} INFO - [2022-05-04 21:19:59,439] {dag.py:2371} INFO - Sync 1 DAGs
[2022-05-04 21:19:59,648] {logging_mixin.py:115} INFO - [2022-05-04 21:19:59,648] {dag.py:2919} INFO - Setting next_dagrun for example_weekday_branch_operator to 2022-05-03T00:00:00+00:00, run_after=2022-05-04T00:00:00+00:00
[2022-05-04 21:19:59,851] {processor.py:161} INFO - Processing /home/airflow/.local/lib/python3.7/site-packages/airflow/example_dags/example_branch_day_of_week_operator.py took 1.163 seconds
[2022-05-04 21:20:30,773] {processor.py:153} INFO - Started process (PID=697) to work on /home/airflow/.local/lib/python3.7/site-packages/airflow/example_dags/example_branch_day_of_week_operator.py
[2022-05-04 21:20:30,779] {processor.py:641} INFO - Processing file /home/airflow/.local/lib/python3.7/site-packages/airflow/example_dags/example_branch_day_of_week_operator.py for tasks to queue
[2022-05-04 21:20:30,781] {logging_mixin.py:115} INFO - [2022-05-04 21:20:30,781] {dagbag.py:507} INFO - Filling up the DagBag from /home/airflow/.local/lib/python3.7/site-packages/airflow/example_dags/example_branch_day_of_week_operator.py
[2022-05-04 21:20:31,145] {processor.py:651} INFO - DAG(s) dict_keys(['example_weekday_branch_operator']) retrieved from /home/airflow/.local/lib/python3.7/site-packages/airflow/example_dags/example_branch_day_of_week_operator.py
[2022-05-04 21:20:31,238] {logging_mixin.py:115} INFO - [2022-05-04 21:20:31,238] {dag.py:2371} INFO - Sync 1 DAGs
[2022-05-04 21:20:31,343] {logging_mixin.py:115} INFO - [2022-05-04 21:20:31,343] {dag.py:2919} INFO - Setting next_dagrun for example_weekday_branch_operator to 2022-05-03T00:00:00+00:00, run_after=2022-05-04T00:00:00+00:00
[2022-05-04 21:20:31,376] {processor.py:161} INFO - Processing /home/airflow/.local/lib/python3.7/site-packages/airflow/example_dags/example_branch_day_of_week_operator.py took 0.612 seconds
[2022-05-04 21:21:02,112] {processor.py:153} INFO - Started process (PID=887) to work on /home/airflow/.local/lib/python3.7/site-packages/airflow/example_dags/example_branch_day_of_week_operator.py
[2022-05-04 21:21:02,125] {processor.py:641} INFO - Processing file /home/airflow/.local/lib/python3.7/site-packages/airflow/example_dags/example_branch_day_of_week_operator.py for tasks to queue
[2022-05-04 21:21:02,148] {logging_mixin.py:115} INFO - [2022-05-04 21:21:02,140] {dagbag.py:507} INFO - Filling up the DagBag from /home/airflow/.local/lib/python3.7/site-packages/airflow/example_dags/example_branch_day_of_week_operator.py
[2022-05-04 21:21:02,595] {processor.py:651} INFO - DAG(s) dict_keys(['example_weekday_branch_operator']) retrieved from /home/airflow/.local/lib/python3.7/site-packages/airflow/example_dags/example_branch_day_of_week_operator.py
[2022-05-04 21:21:02,651] {logging_mixin.py:115} INFO - [2022-05-04 21:21:02,651] {dag.py:2371} INFO - Sync 1 DAGs
[2022-05-04 21:21:02,829] {logging_mixin.py:115} INFO - [2022-05-04 21:21:02,829] {dag.py:2919} INFO - Setting next_dagrun for example_weekday_branch_operator to 2022-05-03T00:00:00+00:00, run_after=2022-05-04T00:00:00+00:00
[2022-05-04 21:21:02,869] {processor.py:161} INFO - Processing /home/airflow/.local/lib/python3.7/site-packages/airflow/example_dags/example_branch_day_of_week_operator.py took 0.790 seconds
[2022-05-04 21:21:33,412] {processor.py:153} INFO - Started process (PID=1076) to work on /home/airflow/.local/lib/python3.7/site-packages/airflow/example_dags/example_branch_day_of_week_operator.py
[2022-05-04 21:21:33,415] {processor.py:641} INFO - Processing file /home/airflow/.local/lib/python3.7/site-packages/airflow/example_dags/example_branch_day_of_week_operator.py for tasks to queue
[2022-05-04 21:21:33,418] {logging_mixin.py:115} INFO - [2022-05-04 21:21:33,417] {dagbag.py:507} INFO - Filling up the DagBag from /home/airflow/.local/lib/python3.7/site-packages/airflow/example_dags/example_branch_day_of_week_operator.py
[2022-05-04 21:21:33,693] {processor.py:651} INFO - DAG(s) dict_keys(['example_weekday_branch_operator']) retrieved from /home/airflow/.local/lib/python3.7/site-packages/airflow/example_dags/example_branch_day_of_week_operator.py
[2022-05-04 21:21:33,755] {logging_mixin.py:115} INFO - [2022-05-04 21:21:33,755] {dag.py:2371} INFO - Sync 1 DAGs
[2022-05-04 21:21:33,824] {logging_mixin.py:115} INFO - [2022-05-04 21:21:33,824] {dag.py:2919} INFO - Setting next_dagrun for example_weekday_branch_operator to 2022-05-03T00:00:00+00:00, run_after=2022-05-04T00:00:00+00:00
[2022-05-04 21:21:33,861] {processor.py:161} INFO - Processing /home/airflow/.local/lib/python3.7/site-packages/airflow/example_dags/example_branch_day_of_week_operator.py took 0.458 seconds
[2022-05-04 21:22:04,208] {processor.py:153} INFO - Started process (PID=1266) to work on /home/airflow/.local/lib/python3.7/site-packages/airflow/example_dags/example_branch_day_of_week_operator.py
[2022-05-04 21:22:04,210] {processor.py:641} INFO - Processing file /home/airflow/.local/lib/python3.7/site-packages/airflow/example_dags/example_branch_day_of_week_operator.py for tasks to queue
[2022-05-04 21:22:04,214] {logging_mixin.py:115} INFO - [2022-05-04 21:22:04,214] {dagbag.py:507} INFO - Filling up the DagBag from /home/airflow/.local/lib/python3.7/site-packages/airflow/example_dags/example_branch_day_of_week_operator.py
[2022-05-04 21:22:04,507] {processor.py:651} INFO - DAG(s) dict_keys(['example_weekday_branch_operator']) retrieved from /home/airflow/.local/lib/python3.7/site-packages/airflow/example_dags/example_branch_day_of_week_operator.py
[2022-05-04 21:22:04,576] {logging_mixin.py:115} INFO - [2022-05-04 21:22:04,575] {dag.py:2371} INFO - Sync 1 DAGs
[2022-05-04 21:22:04,658] {logging_mixin.py:115} INFO - [2022-05-04 21:22:04,658] {dag.py:2919} INFO - Setting next_dagrun for example_weekday_branch_operator to 2022-05-03T00:00:00+00:00, run_after=2022-05-04T00:00:00+00:00
[2022-05-04 21:22:04,728] {processor.py:161} INFO - Processing /home/airflow/.local/lib/python3.7/site-packages/airflow/example_dags/example_branch_day_of_week_operator.py took 0.527 seconds
[2022-05-04 21:22:35,504] {processor.py:153} INFO - Started process (PID=1462) to work on /home/airflow/.local/lib/python3.7/site-packages/airflow/example_dags/example_branch_day_of_week_operator.py
[2022-05-04 21:22:35,508] {processor.py:641} INFO - Processing file /home/airflow/.local/lib/python3.7/site-packages/airflow/example_dags/example_branch_day_of_week_operator.py for tasks to queue
[2022-05-04 21:22:35,512] {logging_mixin.py:115} INFO - [2022-05-04 21:22:35,512] {dagbag.py:507} INFO - Filling up the DagBag from /home/airflow/.local/lib/python3.7/site-packages/airflow/example_dags/example_branch_day_of_week_operator.py
[2022-05-04 21:22:35,560] {processor.py:651} INFO - DAG(s) dict_keys(['example_weekday_branch_operator']) retrieved from /home/airflow/.local/lib/python3.7/site-packages/airflow/example_dags/example_branch_day_of_week_operator.py
[2022-05-04 21:22:35,649] {logging_mixin.py:115} INFO - [2022-05-04 21:22:35,649] {dag.py:2371} INFO - Sync 1 DAGs
[2022-05-04 21:22:35,741] {logging_mixin.py:115} INFO - [2022-05-04 21:22:35,741] {dag.py:2919} INFO - Setting next_dagrun for example_weekday_branch_operator to 2022-05-03T00:00:00+00:00, run_after=2022-05-04T00:00:00+00:00
[2022-05-04 21:22:35,854] {processor.py:161} INFO - Processing /home/airflow/.local/lib/python3.7/site-packages/airflow/example_dags/example_branch_day_of_week_operator.py took 0.370 seconds
[2022-05-04 21:23:06,686] {processor.py:153} INFO - Started process (PID=1654) to work on /home/airflow/.local/lib/python3.7/site-packages/airflow/example_dags/example_branch_day_of_week_operator.py
[2022-05-04 21:23:06,691] {processor.py:641} INFO - Processing file /home/airflow/.local/lib/python3.7/site-packages/airflow/example_dags/example_branch_day_of_week_operator.py for tasks to queue
[2022-05-04 21:23:06,698] {logging_mixin.py:115} INFO - [2022-05-04 21:23:06,696] {dagbag.py:507} INFO - Filling up the DagBag from /home/airflow/.local/lib/python3.7/site-packages/airflow/example_dags/example_branch_day_of_week_operator.py
[2022-05-04 21:23:06,739] {processor.py:651} INFO - DAG(s) dict_keys(['example_weekday_branch_operator']) retrieved from /home/airflow/.local/lib/python3.7/site-packages/airflow/example_dags/example_branch_day_of_week_operator.py
[2022-05-04 21:23:06,860] {logging_mixin.py:115} INFO - [2022-05-04 21:23:06,859] {dag.py:2371} INFO - Sync 1 DAGs
[2022-05-04 21:23:06,911] {logging_mixin.py:115} INFO - [2022-05-04 21:23:06,911] {dag.py:2919} INFO - Setting next_dagrun for example_weekday_branch_operator to 2022-05-03T00:00:00+00:00, run_after=2022-05-04T00:00:00+00:00
[2022-05-04 21:23:06,938] {processor.py:161} INFO - Processing /home/airflow/.local/lib/python3.7/site-packages/airflow/example_dags/example_branch_day_of_week_operator.py took 0.260 seconds
[2022-05-04 21:23:37,759] {processor.py:153} INFO - Started process (PID=1843) to work on /home/airflow/.local/lib/python3.7/site-packages/airflow/example_dags/example_branch_day_of_week_operator.py
[2022-05-04 21:23:37,763] {processor.py:641} INFO - Processing file /home/airflow/.local/lib/python3.7/site-packages/airflow/example_dags/example_branch_day_of_week_operator.py for tasks to queue
[2022-05-04 21:23:37,768] {logging_mixin.py:115} INFO - [2022-05-04 21:23:37,767] {dagbag.py:507} INFO - Filling up the DagBag from /home/airflow/.local/lib/python3.7/site-packages/airflow/example_dags/example_branch_day_of_week_operator.py
[2022-05-04 21:23:37,983] {processor.py:651} INFO - DAG(s) dict_keys(['example_weekday_branch_operator']) retrieved from /home/airflow/.local/lib/python3.7/site-packages/airflow/example_dags/example_branch_day_of_week_operator.py
[2022-05-04 21:23:38,204] {logging_mixin.py:115} INFO - [2022-05-04 21:23:38,204] {dag.py:2371} INFO - Sync 1 DAGs
[2022-05-04 21:23:38,342] {logging_mixin.py:115} INFO - [2022-05-04 21:23:38,342] {dag.py:2919} INFO - Setting next_dagrun for example_weekday_branch_operator to 2022-05-03T00:00:00+00:00, run_after=2022-05-04T00:00:00+00:00
[2022-05-04 21:23:38,417] {processor.py:161} INFO - Processing /home/airflow/.local/lib/python3.7/site-packages/airflow/example_dags/example_branch_day_of_week_operator.py took 0.670 seconds
