[2022-05-04 20:11:51,034] {processor.py:153} INFO - Started process (PID=215) to work on /home/airflow/.local/lib/python3.7/site-packages/airflow/example_dags/example_complex.py
[2022-05-04 20:11:51,056] {processor.py:641} INFO - Processing file /home/airflow/.local/lib/python3.7/site-packages/airflow/example_dags/example_complex.py for tasks to queue
[2022-05-04 20:11:51,074] {logging_mixin.py:115} INFO - [2022-05-04 20:11:51,074] {dagbag.py:507} INFO - Filling up the DagBag from /home/airflow/.local/lib/python3.7/site-packages/airflow/example_dags/example_complex.py
[2022-05-04 20:11:51,729] {processor.py:651} INFO - DAG(s) dict_keys(['example_complex']) retrieved from /home/airflow/.local/lib/python3.7/site-packages/airflow/example_dags/example_complex.py
[2022-05-04 20:11:57,257] {logging_mixin.py:115} INFO - [2022-05-04 20:11:57,257] {manager.py:508} INFO - Created Permission View: can read on DAG:example_complex
[2022-05-04 20:11:57,364] {logging_mixin.py:115} INFO - [2022-05-04 20:11:57,363] {manager.py:508} INFO - Created Permission View: can delete on DAG:example_complex
[2022-05-04 20:11:57,529] {logging_mixin.py:115} INFO - [2022-05-04 20:11:57,528] {manager.py:508} INFO - Created Permission View: can edit on DAG:example_complex
[2022-05-04 20:11:57,581] {logging_mixin.py:115} INFO - [2022-05-04 20:11:57,568] {dag.py:2371} INFO - Sync 1 DAGs
[2022-05-04 20:11:58,463] {logging_mixin.py:115} INFO - [2022-05-04 20:11:58,363] {dag.py:2390} INFO - Creating ORM DAG for example_complex
[2022-05-04 20:11:59,709] {logging_mixin.py:115} INFO - [2022-05-04 20:11:59,709] {dag.py:2919} INFO - Setting next_dagrun for example_complex to None, run_after=None
[2022-05-04 20:12:00,572] {processor.py:161} INFO - Processing /home/airflow/.local/lib/python3.7/site-packages/airflow/example_dags/example_complex.py took 9.703 seconds
[2022-05-04 21:19:15,129] {processor.py:153} INFO - Started process (PID=363) to work on /home/airflow/.local/lib/python3.7/site-packages/airflow/example_dags/example_complex.py
[2022-05-04 21:19:15,138] {processor.py:641} INFO - Processing file /home/airflow/.local/lib/python3.7/site-packages/airflow/example_dags/example_complex.py for tasks to queue
[2022-05-04 21:19:15,233] {logging_mixin.py:115} INFO - [2022-05-04 21:19:15,233] {dagbag.py:507} INFO - Filling up the DagBag from /home/airflow/.local/lib/python3.7/site-packages/airflow/example_dags/example_complex.py
[2022-05-04 21:19:24,102] {processor.py:651} INFO - DAG(s) dict_keys(['example_complex']) retrieved from /home/airflow/.local/lib/python3.7/site-packages/airflow/example_dags/example_complex.py
[2022-05-04 21:19:26,867] {logging_mixin.py:115} INFO - [2022-05-04 21:19:26,858] {manager.py:508} INFO - Created Permission View: can edit on DAG:example_complex
[2022-05-04 21:19:27,144] {logging_mixin.py:115} INFO - [2022-05-04 21:19:27,144] {manager.py:508} INFO - Created Permission View: can delete on DAG:example_complex
[2022-05-04 21:19:27,293] {logging_mixin.py:115} INFO - [2022-05-04 21:19:27,278] {manager.py:508} INFO - Created Permission View: can read on DAG:example_complex
[2022-05-04 21:19:27,296] {logging_mixin.py:115} INFO - [2022-05-04 21:19:27,295] {dag.py:2371} INFO - Sync 1 DAGs
[2022-05-04 21:19:27,432] {logging_mixin.py:115} INFO - [2022-05-04 21:19:27,432] {dag.py:2390} INFO - Creating ORM DAG for example_complex
[2022-05-04 21:19:27,633] {logging_mixin.py:115} INFO - [2022-05-04 21:19:27,633] {dag.py:2919} INFO - Setting next_dagrun for example_complex to None, run_after=None
[2022-05-04 21:19:27,814] {processor.py:161} INFO - Processing /home/airflow/.local/lib/python3.7/site-packages/airflow/example_dags/example_complex.py took 12.862 seconds
[2022-05-04 21:20:03,343] {processor.py:153} INFO - Started process (PID=555) to work on /home/airflow/.local/lib/python3.7/site-packages/airflow/example_dags/example_complex.py
[2022-05-04 21:20:03,350] {processor.py:641} INFO - Processing file /home/airflow/.local/lib/python3.7/site-packages/airflow/example_dags/example_complex.py for tasks to queue
[2022-05-04 21:20:03,357] {logging_mixin.py:115} INFO - [2022-05-04 21:20:03,355] {dagbag.py:507} INFO - Filling up the DagBag from /home/airflow/.local/lib/python3.7/site-packages/airflow/example_dags/example_complex.py
[2022-05-04 21:20:03,685] {processor.py:651} INFO - DAG(s) dict_keys(['example_complex']) retrieved from /home/airflow/.local/lib/python3.7/site-packages/airflow/example_dags/example_complex.py
[2022-05-04 21:20:03,776] {logging_mixin.py:115} INFO - [2022-05-04 21:20:03,776] {dag.py:2371} INFO - Sync 1 DAGs
[2022-05-04 21:20:03,820] {logging_mixin.py:115} INFO - [2022-05-04 21:20:03,819] {dag.py:2919} INFO - Setting next_dagrun for example_complex to None, run_after=None
[2022-05-04 21:20:03,847] {processor.py:161} INFO - Processing /home/airflow/.local/lib/python3.7/site-packages/airflow/example_dags/example_complex.py took 0.520 seconds
[2022-05-04 21:20:35,906] {processor.py:153} INFO - Started process (PID=745) to work on /home/airflow/.local/lib/python3.7/site-packages/airflow/example_dags/example_complex.py
[2022-05-04 21:20:35,910] {processor.py:641} INFO - Processing file /home/airflow/.local/lib/python3.7/site-packages/airflow/example_dags/example_complex.py for tasks to queue
[2022-05-04 21:20:35,918] {logging_mixin.py:115} INFO - [2022-05-04 21:20:35,917] {dagbag.py:507} INFO - Filling up the DagBag from /home/airflow/.local/lib/python3.7/site-packages/airflow/example_dags/example_complex.py
[2022-05-04 21:20:36,264] {processor.py:651} INFO - DAG(s) dict_keys(['example_complex']) retrieved from /home/airflow/.local/lib/python3.7/site-packages/airflow/example_dags/example_complex.py
[2022-05-04 21:20:36,320] {logging_mixin.py:115} INFO - [2022-05-04 21:20:36,319] {dag.py:2371} INFO - Sync 1 DAGs
[2022-05-04 21:20:36,356] {logging_mixin.py:115} INFO - [2022-05-04 21:20:36,356] {dag.py:2919} INFO - Setting next_dagrun for example_complex to None, run_after=None
[2022-05-04 21:20:36,381] {processor.py:161} INFO - Processing /home/airflow/.local/lib/python3.7/site-packages/airflow/example_dags/example_complex.py took 0.494 seconds
[2022-05-04 21:21:09,936] {processor.py:153} INFO - Started process (PID=945) to work on /home/airflow/.local/lib/python3.7/site-packages/airflow/example_dags/example_complex.py
[2022-05-04 21:21:09,951] {processor.py:641} INFO - Processing file /home/airflow/.local/lib/python3.7/site-packages/airflow/example_dags/example_complex.py for tasks to queue
[2022-05-04 21:21:09,953] {logging_mixin.py:115} INFO - [2022-05-04 21:21:09,953] {dagbag.py:507} INFO - Filling up the DagBag from /home/airflow/.local/lib/python3.7/site-packages/airflow/example_dags/example_complex.py
[2022-05-04 21:21:10,457] {processor.py:651} INFO - DAG(s) dict_keys(['example_complex']) retrieved from /home/airflow/.local/lib/python3.7/site-packages/airflow/example_dags/example_complex.py
[2022-05-04 21:21:10,523] {logging_mixin.py:115} INFO - [2022-05-04 21:21:10,523] {dag.py:2371} INFO - Sync 1 DAGs
[2022-05-04 21:21:10,612] {logging_mixin.py:115} INFO - [2022-05-04 21:21:10,612] {dag.py:2919} INFO - Setting next_dagrun for example_complex to None, run_after=None
[2022-05-04 21:21:10,644] {processor.py:161} INFO - Processing /home/airflow/.local/lib/python3.7/site-packages/airflow/example_dags/example_complex.py took 0.741 seconds
[2022-05-04 21:21:41,369] {processor.py:153} INFO - Started process (PID=1134) to work on /home/airflow/.local/lib/python3.7/site-packages/airflow/example_dags/example_complex.py
[2022-05-04 21:21:41,373] {processor.py:641} INFO - Processing file /home/airflow/.local/lib/python3.7/site-packages/airflow/example_dags/example_complex.py for tasks to queue
[2022-05-04 21:21:41,377] {logging_mixin.py:115} INFO - [2022-05-04 21:21:41,376] {dagbag.py:507} INFO - Filling up the DagBag from /home/airflow/.local/lib/python3.7/site-packages/airflow/example_dags/example_complex.py
[2022-05-04 21:21:41,953] {processor.py:651} INFO - DAG(s) dict_keys(['example_complex']) retrieved from /home/airflow/.local/lib/python3.7/site-packages/airflow/example_dags/example_complex.py
[2022-05-04 21:21:42,155] {logging_mixin.py:115} INFO - [2022-05-04 21:21:42,155] {dag.py:2371} INFO - Sync 1 DAGs
[2022-05-04 21:21:42,236] {logging_mixin.py:115} INFO - [2022-05-04 21:21:42,235] {dag.py:2919} INFO - Setting next_dagrun for example_complex to None, run_after=None
[2022-05-04 21:21:42,299] {processor.py:161} INFO - Processing /home/airflow/.local/lib/python3.7/site-packages/airflow/example_dags/example_complex.py took 0.971 seconds
[2022-05-04 21:22:13,074] {processor.py:153} INFO - Started process (PID=1324) to work on /home/airflow/.local/lib/python3.7/site-packages/airflow/example_dags/example_complex.py
[2022-05-04 21:22:13,081] {processor.py:641} INFO - Processing file /home/airflow/.local/lib/python3.7/site-packages/airflow/example_dags/example_complex.py for tasks to queue
[2022-05-04 21:22:13,084] {logging_mixin.py:115} INFO - [2022-05-04 21:22:13,084] {dagbag.py:507} INFO - Filling up the DagBag from /home/airflow/.local/lib/python3.7/site-packages/airflow/example_dags/example_complex.py
[2022-05-04 21:22:13,762] {processor.py:651} INFO - DAG(s) dict_keys(['example_complex']) retrieved from /home/airflow/.local/lib/python3.7/site-packages/airflow/example_dags/example_complex.py
[2022-05-04 21:22:13,872] {logging_mixin.py:115} INFO - [2022-05-04 21:22:13,872] {dag.py:2371} INFO - Sync 1 DAGs
[2022-05-04 21:22:13,956] {logging_mixin.py:115} INFO - [2022-05-04 21:22:13,956] {dag.py:2919} INFO - Setting next_dagrun for example_complex to None, run_after=None
[2022-05-04 21:22:14,057] {processor.py:161} INFO - Processing /home/airflow/.local/lib/python3.7/site-packages/airflow/example_dags/example_complex.py took 1.003 seconds
[2022-05-04 21:22:44,652] {processor.py:153} INFO - Started process (PID=1514) to work on /home/airflow/.local/lib/python3.7/site-packages/airflow/example_dags/example_complex.py
[2022-05-04 21:22:44,657] {processor.py:641} INFO - Processing file /home/airflow/.local/lib/python3.7/site-packages/airflow/example_dags/example_complex.py for tasks to queue
[2022-05-04 21:22:44,662] {logging_mixin.py:115} INFO - [2022-05-04 21:22:44,661] {dagbag.py:507} INFO - Filling up the DagBag from /home/airflow/.local/lib/python3.7/site-packages/airflow/example_dags/example_complex.py
[2022-05-04 21:22:44,712] {processor.py:651} INFO - DAG(s) dict_keys(['example_complex']) retrieved from /home/airflow/.local/lib/python3.7/site-packages/airflow/example_dags/example_complex.py
[2022-05-04 21:22:45,145] {logging_mixin.py:115} INFO - [2022-05-04 21:22:45,145] {dag.py:2371} INFO - Sync 1 DAGs
[2022-05-04 21:22:45,281] {logging_mixin.py:115} INFO - [2022-05-04 21:22:45,281] {dag.py:2919} INFO - Setting next_dagrun for example_complex to None, run_after=None
[2022-05-04 21:22:45,366] {processor.py:161} INFO - Processing /home/airflow/.local/lib/python3.7/site-packages/airflow/example_dags/example_complex.py took 0.731 seconds
[2022-05-04 21:23:15,555] {processor.py:153} INFO - Started process (PID=1714) to work on /home/airflow/.local/lib/python3.7/site-packages/airflow/example_dags/example_complex.py
[2022-05-04 21:23:15,561] {processor.py:641} INFO - Processing file /home/airflow/.local/lib/python3.7/site-packages/airflow/example_dags/example_complex.py for tasks to queue
[2022-05-04 21:23:15,564] {logging_mixin.py:115} INFO - [2022-05-04 21:23:15,563] {dagbag.py:507} INFO - Filling up the DagBag from /home/airflow/.local/lib/python3.7/site-packages/airflow/example_dags/example_complex.py
[2022-05-04 21:23:15,607] {processor.py:651} INFO - DAG(s) dict_keys(['example_complex']) retrieved from /home/airflow/.local/lib/python3.7/site-packages/airflow/example_dags/example_complex.py
[2022-05-04 21:23:15,670] {logging_mixin.py:115} INFO - [2022-05-04 21:23:15,670] {dag.py:2371} INFO - Sync 1 DAGs
[2022-05-04 21:23:15,733] {logging_mixin.py:115} INFO - [2022-05-04 21:23:15,733] {dag.py:2919} INFO - Setting next_dagrun for example_complex to None, run_after=None
[2022-05-04 21:23:15,765] {processor.py:161} INFO - Processing /home/airflow/.local/lib/python3.7/site-packages/airflow/example_dags/example_complex.py took 0.219 seconds
