[2022-05-04 20:09:07,824] {processor.py:153} INFO - Started process (PID=123) to work on /home/airflow/.local/lib/python3.7/site-packages/airflow/example_dags/example_latest_only.py
[2022-05-04 20:09:07,913] {processor.py:641} INFO - Processing file /home/airflow/.local/lib/python3.7/site-packages/airflow/example_dags/example_latest_only.py for tasks to queue
[2022-05-04 20:09:07,988] {logging_mixin.py:115} INFO - [2022-05-04 20:09:07,987] {dagbag.py:507} INFO - Filling up the DagBag from /home/airflow/.local/lib/python3.7/site-packages/airflow/example_dags/example_latest_only.py
[2022-05-04 20:09:09,252] {processor.py:651} INFO - DAG(s) dict_keys(['latest_only']) retrieved from /home/airflow/.local/lib/python3.7/site-packages/airflow/example_dags/example_latest_only.py
[2022-05-04 20:09:24,637] {logging_mixin.py:115} INFO - [2022-05-04 20:09:24,637] {manager.py:508} INFO - Created Permission View: can read on DAG:latest_only
[2022-05-04 20:09:25,768] {logging_mixin.py:115} INFO - [2022-05-04 20:09:25,768] {manager.py:508} INFO - Created Permission View: can delete on DAG:latest_only
[2022-05-04 20:09:28,518] {logging_mixin.py:115} INFO - [2022-05-04 20:09:28,517] {manager.py:508} INFO - Created Permission View: can edit on DAG:latest_only
[2022-05-04 20:09:28,771] {logging_mixin.py:115} INFO - [2022-05-04 20:09:28,770] {dag.py:2371} INFO - Sync 1 DAGs
[2022-05-04 20:09:31,300] {logging_mixin.py:115} INFO - [2022-05-04 20:09:31,299] {dag.py:2390} INFO - Creating ORM DAG for latest_only
[2022-05-04 20:09:32,956] {logging_mixin.py:115} INFO - [2022-05-04 20:09:32,956] {dag.py:2919} INFO - Setting next_dagrun for latest_only to 2022-05-04T16:09:32.894975+00:00, run_after=2022-05-04T20:09:32.894975+00:00
[2022-05-04 20:09:37,116] {processor.py:161} INFO - Processing /home/airflow/.local/lib/python3.7/site-packages/airflow/example_dags/example_latest_only.py took 29.422 seconds
[2022-05-04 20:16:43,590] {processor.py:153} INFO - Started process (PID=339) to work on /home/airflow/.local/lib/python3.7/site-packages/airflow/example_dags/example_latest_only.py
[2022-05-04 20:16:43,595] {processor.py:641} INFO - Processing file /home/airflow/.local/lib/python3.7/site-packages/airflow/example_dags/example_latest_only.py for tasks to queue
[2022-05-04 20:16:43,603] {logging_mixin.py:115} INFO - [2022-05-04 20:16:43,603] {dagbag.py:507} INFO - Filling up the DagBag from /home/airflow/.local/lib/python3.7/site-packages/airflow/example_dags/example_latest_only.py
[2022-05-04 20:16:43,679] {processor.py:651} INFO - DAG(s) dict_keys(['latest_only']) retrieved from /home/airflow/.local/lib/python3.7/site-packages/airflow/example_dags/example_latest_only.py
[2022-05-04 20:16:55,866] {logging_mixin.py:115} INFO - [2022-05-04 20:16:55,719] {dag.py:2371} INFO - Sync 1 DAGs
[2022-05-04 20:17:20,242] {logging_mixin.py:115} INFO - [2022-05-04 20:17:20,190] {dag.py:2919} INFO - Setting next_dagrun for latest_only to 2022-05-04T16:17:19.520868+00:00, run_after=2022-05-04T20:17:19.520868+00:00
[2022-05-04 21:17:20,885] {processor.py:153} INFO - Started process (PID=207) to work on /home/airflow/.local/lib/python3.7/site-packages/airflow/example_dags/example_latest_only.py
[2022-05-04 21:17:20,906] {processor.py:641} INFO - Processing file /home/airflow/.local/lib/python3.7/site-packages/airflow/example_dags/example_latest_only.py for tasks to queue
[2022-05-04 21:17:21,036] {logging_mixin.py:115} INFO - [2022-05-04 21:17:20,918] {dagbag.py:507} INFO - Filling up the DagBag from /home/airflow/.local/lib/python3.7/site-packages/airflow/example_dags/example_latest_only.py
[2022-05-04 21:17:21,574] {processor.py:651} INFO - DAG(s) dict_keys(['latest_only']) retrieved from /home/airflow/.local/lib/python3.7/site-packages/airflow/example_dags/example_latest_only.py
[2022-05-04 21:17:26,603] {logging_mixin.py:115} INFO - [2022-05-04 21:17:26,603] {manager.py:508} INFO - Created Permission View: can edit on DAG:latest_only
[2022-05-04 21:17:26,830] {logging_mixin.py:115} INFO - [2022-05-04 21:17:26,830] {manager.py:508} INFO - Created Permission View: can delete on DAG:latest_only
[2022-05-04 21:17:27,030] {logging_mixin.py:115} INFO - [2022-05-04 21:17:27,029] {manager.py:508} INFO - Created Permission View: can read on DAG:latest_only
[2022-05-04 21:17:27,032] {logging_mixin.py:115} INFO - [2022-05-04 21:17:27,032] {dag.py:2371} INFO - Sync 1 DAGs
[2022-05-04 21:17:27,128] {logging_mixin.py:115} INFO - [2022-05-04 21:17:27,128] {dag.py:2390} INFO - Creating ORM DAG for latest_only
[2022-05-04 21:17:27,221] {logging_mixin.py:115} INFO - [2022-05-04 21:17:27,221] {dag.py:2919} INFO - Setting next_dagrun for latest_only to 2022-05-04T17:17:27.221232+00:00, run_after=2022-05-04T21:17:27.221232+00:00
[2022-05-04 21:17:27,371] {processor.py:161} INFO - Processing /home/airflow/.local/lib/python3.7/site-packages/airflow/example_dags/example_latest_only.py took 7.303 seconds
[2022-05-04 21:19:51,240] {processor.py:153} INFO - Started process (PID=453) to work on /home/airflow/.local/lib/python3.7/site-packages/airflow/example_dags/example_latest_only.py
[2022-05-04 21:19:51,256] {processor.py:641} INFO - Processing file /home/airflow/.local/lib/python3.7/site-packages/airflow/example_dags/example_latest_only.py for tasks to queue
[2022-05-04 21:19:51,262] {logging_mixin.py:115} INFO - [2022-05-04 21:19:51,262] {dagbag.py:507} INFO - Filling up the DagBag from /home/airflow/.local/lib/python3.7/site-packages/airflow/example_dags/example_latest_only.py
[2022-05-04 21:19:52,582] {processor.py:651} INFO - DAG(s) dict_keys(['latest_only']) retrieved from /home/airflow/.local/lib/python3.7/site-packages/airflow/example_dags/example_latest_only.py
[2022-05-04 21:19:52,774] {logging_mixin.py:115} INFO - [2022-05-04 21:19:52,774] {dag.py:2371} INFO - Sync 1 DAGs
[2022-05-04 21:19:52,896] {logging_mixin.py:115} INFO - [2022-05-04 21:19:52,896] {dag.py:2919} INFO - Setting next_dagrun for latest_only to 2022-05-04T17:19:52.896327+00:00, run_after=2022-05-04T21:19:52.896327+00:00
[2022-05-04 21:19:52,965] {processor.py:161} INFO - Processing /home/airflow/.local/lib/python3.7/site-packages/airflow/example_dags/example_latest_only.py took 1.762 seconds
[2022-05-04 21:20:23,272] {processor.py:153} INFO - Started process (PID=645) to work on /home/airflow/.local/lib/python3.7/site-packages/airflow/example_dags/example_latest_only.py
[2022-05-04 21:20:23,278] {processor.py:641} INFO - Processing file /home/airflow/.local/lib/python3.7/site-packages/airflow/example_dags/example_latest_only.py for tasks to queue
[2022-05-04 21:20:23,284] {logging_mixin.py:115} INFO - [2022-05-04 21:20:23,283] {dagbag.py:507} INFO - Filling up the DagBag from /home/airflow/.local/lib/python3.7/site-packages/airflow/example_dags/example_latest_only.py
[2022-05-04 21:20:23,581] {processor.py:651} INFO - DAG(s) dict_keys(['latest_only']) retrieved from /home/airflow/.local/lib/python3.7/site-packages/airflow/example_dags/example_latest_only.py
[2022-05-04 21:20:23,709] {logging_mixin.py:115} INFO - [2022-05-04 21:20:23,709] {dag.py:2371} INFO - Sync 1 DAGs
[2022-05-04 21:20:23,766] {logging_mixin.py:115} INFO - [2022-05-04 21:20:23,765] {dag.py:2919} INFO - Setting next_dagrun for latest_only to 2022-05-04T17:20:23.765310+00:00, run_after=2022-05-04T21:20:23.765310+00:00
[2022-05-04 21:20:23,818] {processor.py:161} INFO - Processing /home/airflow/.local/lib/python3.7/site-packages/airflow/example_dags/example_latest_only.py took 0.561 seconds
[2022-05-04 21:20:54,174] {processor.py:153} INFO - Started process (PID=837) to work on /home/airflow/.local/lib/python3.7/site-packages/airflow/example_dags/example_latest_only.py
[2022-05-04 21:20:54,182] {processor.py:641} INFO - Processing file /home/airflow/.local/lib/python3.7/site-packages/airflow/example_dags/example_latest_only.py for tasks to queue
[2022-05-04 21:20:54,191] {logging_mixin.py:115} INFO - [2022-05-04 21:20:54,189] {dagbag.py:507} INFO - Filling up the DagBag from /home/airflow/.local/lib/python3.7/site-packages/airflow/example_dags/example_latest_only.py
[2022-05-04 21:20:54,759] {processor.py:651} INFO - DAG(s) dict_keys(['latest_only']) retrieved from /home/airflow/.local/lib/python3.7/site-packages/airflow/example_dags/example_latest_only.py
[2022-05-04 21:20:54,856] {logging_mixin.py:115} INFO - [2022-05-04 21:20:54,856] {dag.py:2371} INFO - Sync 1 DAGs
[2022-05-04 21:20:54,904] {logging_mixin.py:115} INFO - [2022-05-04 21:20:54,903] {dag.py:2919} INFO - Setting next_dagrun for latest_only to 2022-05-04T17:20:54.903565+00:00, run_after=2022-05-04T21:20:54.903565+00:00
[2022-05-04 21:20:54,930] {processor.py:161} INFO - Processing /home/airflow/.local/lib/python3.7/site-packages/airflow/example_dags/example_latest_only.py took 0.773 seconds
[2022-05-04 21:21:25,525] {processor.py:153} INFO - Started process (PID=1026) to work on /home/airflow/.local/lib/python3.7/site-packages/airflow/example_dags/example_latest_only.py
[2022-05-04 21:21:25,530] {processor.py:641} INFO - Processing file /home/airflow/.local/lib/python3.7/site-packages/airflow/example_dags/example_latest_only.py for tasks to queue
[2022-05-04 21:21:25,535] {logging_mixin.py:115} INFO - [2022-05-04 21:21:25,534] {dagbag.py:507} INFO - Filling up the DagBag from /home/airflow/.local/lib/python3.7/site-packages/airflow/example_dags/example_latest_only.py
[2022-05-04 21:21:26,165] {processor.py:651} INFO - DAG(s) dict_keys(['latest_only']) retrieved from /home/airflow/.local/lib/python3.7/site-packages/airflow/example_dags/example_latest_only.py
[2022-05-04 21:21:26,280] {logging_mixin.py:115} INFO - [2022-05-04 21:21:26,280] {dag.py:2371} INFO - Sync 1 DAGs
[2022-05-04 21:21:26,402] {logging_mixin.py:115} INFO - [2022-05-04 21:21:26,402] {dag.py:2919} INFO - Setting next_dagrun for latest_only to 2022-05-04T17:21:26.402054+00:00, run_after=2022-05-04T21:21:26.402054+00:00
[2022-05-04 21:21:26,454] {processor.py:161} INFO - Processing /home/airflow/.local/lib/python3.7/site-packages/airflow/example_dags/example_latest_only.py took 0.941 seconds
[2022-05-04 21:21:56,877] {processor.py:153} INFO - Started process (PID=1216) to work on /home/airflow/.local/lib/python3.7/site-packages/airflow/example_dags/example_latest_only.py
[2022-05-04 21:21:56,896] {processor.py:641} INFO - Processing file /home/airflow/.local/lib/python3.7/site-packages/airflow/example_dags/example_latest_only.py for tasks to queue
[2022-05-04 21:21:56,903] {logging_mixin.py:115} INFO - [2022-05-04 21:21:56,902] {dagbag.py:507} INFO - Filling up the DagBag from /home/airflow/.local/lib/python3.7/site-packages/airflow/example_dags/example_latest_only.py
[2022-05-04 21:21:57,263] {processor.py:651} INFO - DAG(s) dict_keys(['latest_only']) retrieved from /home/airflow/.local/lib/python3.7/site-packages/airflow/example_dags/example_latest_only.py
[2022-05-04 21:21:57,317] {logging_mixin.py:115} INFO - [2022-05-04 21:21:57,316] {dag.py:2371} INFO - Sync 1 DAGs
[2022-05-04 21:21:57,421] {logging_mixin.py:115} INFO - [2022-05-04 21:21:57,421] {dag.py:2919} INFO - Setting next_dagrun for latest_only to 2022-05-04T17:21:57.420385+00:00, run_after=2022-05-04T21:21:57.420385+00:00
[2022-05-04 21:21:57,471] {processor.py:161} INFO - Processing /home/airflow/.local/lib/python3.7/site-packages/airflow/example_dags/example_latest_only.py took 0.625 seconds
[2022-05-04 21:22:28,409] {processor.py:153} INFO - Started process (PID=1404) to work on /home/airflow/.local/lib/python3.7/site-packages/airflow/example_dags/example_latest_only.py
[2022-05-04 21:22:28,413] {processor.py:641} INFO - Processing file /home/airflow/.local/lib/python3.7/site-packages/airflow/example_dags/example_latest_only.py for tasks to queue
[2022-05-04 21:22:28,416] {logging_mixin.py:115} INFO - [2022-05-04 21:22:28,415] {dagbag.py:507} INFO - Filling up the DagBag from /home/airflow/.local/lib/python3.7/site-packages/airflow/example_dags/example_latest_only.py
[2022-05-04 21:22:28,442] {processor.py:651} INFO - DAG(s) dict_keys(['latest_only']) retrieved from /home/airflow/.local/lib/python3.7/site-packages/airflow/example_dags/example_latest_only.py
[2022-05-04 21:22:28,510] {logging_mixin.py:115} INFO - [2022-05-04 21:22:28,509] {dag.py:2371} INFO - Sync 1 DAGs
[2022-05-04 21:22:28,569] {logging_mixin.py:115} INFO - [2022-05-04 21:22:28,568] {dag.py:2919} INFO - Setting next_dagrun for latest_only to 2022-05-04T17:22:28.568322+00:00, run_after=2022-05-04T21:22:28.568322+00:00
[2022-05-04 21:22:28,597] {processor.py:161} INFO - Processing /home/airflow/.local/lib/python3.7/site-packages/airflow/example_dags/example_latest_only.py took 0.198 seconds
[2022-05-04 21:22:59,151] {processor.py:153} INFO - Started process (PID=1595) to work on /home/airflow/.local/lib/python3.7/site-packages/airflow/example_dags/example_latest_only.py
[2022-05-04 21:22:59,154] {processor.py:641} INFO - Processing file /home/airflow/.local/lib/python3.7/site-packages/airflow/example_dags/example_latest_only.py for tasks to queue
[2022-05-04 21:22:59,158] {logging_mixin.py:115} INFO - [2022-05-04 21:22:59,157] {dagbag.py:507} INFO - Filling up the DagBag from /home/airflow/.local/lib/python3.7/site-packages/airflow/example_dags/example_latest_only.py
[2022-05-04 21:22:59,173] {processor.py:651} INFO - DAG(s) dict_keys(['latest_only']) retrieved from /home/airflow/.local/lib/python3.7/site-packages/airflow/example_dags/example_latest_only.py
[2022-05-04 21:22:59,236] {logging_mixin.py:115} INFO - [2022-05-04 21:22:59,236] {dag.py:2371} INFO - Sync 1 DAGs
[2022-05-04 21:22:59,296] {logging_mixin.py:115} INFO - [2022-05-04 21:22:59,296] {dag.py:2919} INFO - Setting next_dagrun for latest_only to 2022-05-04T17:22:59.295730+00:00, run_after=2022-05-04T21:22:59.295730+00:00
[2022-05-04 21:22:59,337] {processor.py:161} INFO - Processing /home/airflow/.local/lib/python3.7/site-packages/airflow/example_dags/example_latest_only.py took 0.201 seconds
[2022-05-04 21:23:29,693] {processor.py:153} INFO - Started process (PID=1795) to work on /home/airflow/.local/lib/python3.7/site-packages/airflow/example_dags/example_latest_only.py
[2022-05-04 21:23:29,699] {processor.py:641} INFO - Processing file /home/airflow/.local/lib/python3.7/site-packages/airflow/example_dags/example_latest_only.py for tasks to queue
[2022-05-04 21:23:29,706] {logging_mixin.py:115} INFO - [2022-05-04 21:23:29,705] {dagbag.py:507} INFO - Filling up the DagBag from /home/airflow/.local/lib/python3.7/site-packages/airflow/example_dags/example_latest_only.py
[2022-05-04 21:23:29,725] {processor.py:651} INFO - DAG(s) dict_keys(['latest_only']) retrieved from /home/airflow/.local/lib/python3.7/site-packages/airflow/example_dags/example_latest_only.py
[2022-05-04 21:23:29,800] {logging_mixin.py:115} INFO - [2022-05-04 21:23:29,800] {dag.py:2371} INFO - Sync 1 DAGs
[2022-05-04 21:23:29,866] {logging_mixin.py:115} INFO - [2022-05-04 21:23:29,866] {dag.py:2919} INFO - Setting next_dagrun for latest_only to 2022-05-04T17:23:29.866199+00:00, run_after=2022-05-04T21:23:29.866199+00:00
[2022-05-04 21:23:29,896] {processor.py:161} INFO - Processing /home/airflow/.local/lib/python3.7/site-packages/airflow/example_dags/example_latest_only.py took 0.208 seconds
