[2022-05-04 20:11:35,150] {processor.py:153} INFO - Started process (PID=206) to work on /home/airflow/.local/lib/python3.7/site-packages/airflow/example_dags/example_latest_only_with_trigger.py
[2022-05-04 20:11:35,204] {processor.py:641} INFO - Processing file /home/airflow/.local/lib/python3.7/site-packages/airflow/example_dags/example_latest_only_with_trigger.py for tasks to queue
[2022-05-04 20:11:35,208] {logging_mixin.py:115} INFO - [2022-05-04 20:11:35,207] {dagbag.py:507} INFO - Filling up the DagBag from /home/airflow/.local/lib/python3.7/site-packages/airflow/example_dags/example_latest_only_with_trigger.py
[2022-05-04 20:11:35,513] {processor.py:651} INFO - DAG(s) dict_keys(['latest_only_with_trigger']) retrieved from /home/airflow/.local/lib/python3.7/site-packages/airflow/example_dags/example_latest_only_with_trigger.py
[2022-05-04 20:11:43,562] {logging_mixin.py:115} INFO - [2022-05-04 20:11:43,562] {manager.py:508} INFO - Created Permission View: can read on DAG:latest_only_with_trigger
[2022-05-04 20:11:43,924] {logging_mixin.py:115} INFO - [2022-05-04 20:11:43,924] {manager.py:508} INFO - Created Permission View: can delete on DAG:latest_only_with_trigger
[2022-05-04 20:11:44,403] {logging_mixin.py:115} INFO - [2022-05-04 20:11:44,403] {manager.py:508} INFO - Created Permission View: can edit on DAG:latest_only_with_trigger
[2022-05-04 20:11:44,428] {logging_mixin.py:115} INFO - [2022-05-04 20:11:44,428] {dag.py:2371} INFO - Sync 1 DAGs
[2022-05-04 20:11:48,203] {logging_mixin.py:115} INFO - [2022-05-04 20:11:48,158] {dag.py:2390} INFO - Creating ORM DAG for latest_only_with_trigger
[2022-05-04 20:11:49,337] {logging_mixin.py:115} INFO - [2022-05-04 20:11:49,337] {dag.py:2919} INFO - Setting next_dagrun for latest_only_with_trigger to 2022-05-04T16:11:49.229816+00:00, run_after=2022-05-04T20:11:49.229816+00:00
[2022-05-04 20:11:49,910] {processor.py:161} INFO - Processing /home/airflow/.local/lib/python3.7/site-packages/airflow/example_dags/example_latest_only_with_trigger.py took 14.819 seconds
[2022-05-04 21:18:53,116] {processor.py:153} INFO - Started process (PID=344) to work on /home/airflow/.local/lib/python3.7/site-packages/airflow/example_dags/example_latest_only_with_trigger.py
[2022-05-04 21:18:53,142] {processor.py:641} INFO - Processing file /home/airflow/.local/lib/python3.7/site-packages/airflow/example_dags/example_latest_only_with_trigger.py for tasks to queue
[2022-05-04 21:18:53,159] {logging_mixin.py:115} INFO - [2022-05-04 21:18:53,159] {dagbag.py:507} INFO - Filling up the DagBag from /home/airflow/.local/lib/python3.7/site-packages/airflow/example_dags/example_latest_only_with_trigger.py
[2022-05-04 21:18:58,138] {processor.py:651} INFO - DAG(s) dict_keys(['latest_only_with_trigger']) retrieved from /home/airflow/.local/lib/python3.7/site-packages/airflow/example_dags/example_latest_only_with_trigger.py
[2022-05-04 21:19:01,910] {logging_mixin.py:115} INFO - [2022-05-04 21:19:01,909] {manager.py:508} INFO - Created Permission View: can edit on DAG:latest_only_with_trigger
[2022-05-04 21:19:02,446] {logging_mixin.py:115} INFO - [2022-05-04 21:19:02,446] {manager.py:508} INFO - Created Permission View: can delete on DAG:latest_only_with_trigger
[2022-05-04 21:19:02,671] {logging_mixin.py:115} INFO - [2022-05-04 21:19:02,671] {manager.py:508} INFO - Created Permission View: can read on DAG:latest_only_with_trigger
[2022-05-04 21:19:02,683] {logging_mixin.py:115} INFO - [2022-05-04 21:19:02,683] {dag.py:2371} INFO - Sync 1 DAGs
[2022-05-04 21:19:08,314] {logging_mixin.py:115} INFO - [2022-05-04 21:19:08,313] {dag.py:2390} INFO - Creating ORM DAG for latest_only_with_trigger
[2022-05-04 21:19:11,454] {logging_mixin.py:115} INFO - [2022-05-04 21:19:11,453] {dag.py:2919} INFO - Setting next_dagrun for latest_only_with_trigger to 2022-05-04T17:19:11.453189+00:00, run_after=2022-05-04T21:19:11.453189+00:00
[2022-05-04 21:19:13,060] {processor.py:161} INFO - Processing /home/airflow/.local/lib/python3.7/site-packages/airflow/example_dags/example_latest_only_with_trigger.py took 20.034 seconds
[2022-05-04 21:20:02,690] {processor.py:153} INFO - Started process (PID=545) to work on /home/airflow/.local/lib/python3.7/site-packages/airflow/example_dags/example_latest_only_with_trigger.py
[2022-05-04 21:20:02,695] {processor.py:641} INFO - Processing file /home/airflow/.local/lib/python3.7/site-packages/airflow/example_dags/example_latest_only_with_trigger.py for tasks to queue
[2022-05-04 21:20:02,705] {logging_mixin.py:115} INFO - [2022-05-04 21:20:02,705] {dagbag.py:507} INFO - Filling up the DagBag from /home/airflow/.local/lib/python3.7/site-packages/airflow/example_dags/example_latest_only_with_trigger.py
[2022-05-04 21:20:03,047] {processor.py:651} INFO - DAG(s) dict_keys(['latest_only_with_trigger']) retrieved from /home/airflow/.local/lib/python3.7/site-packages/airflow/example_dags/example_latest_only_with_trigger.py
[2022-05-04 21:20:03,092] {logging_mixin.py:115} INFO - [2022-05-04 21:20:03,092] {dag.py:2371} INFO - Sync 1 DAGs
[2022-05-04 21:20:03,180] {logging_mixin.py:115} INFO - [2022-05-04 21:20:03,180] {dag.py:2919} INFO - Setting next_dagrun for latest_only_with_trigger to 2022-05-04T17:20:03.179264+00:00, run_after=2022-05-04T21:20:03.179264+00:00
[2022-05-04 21:20:03,235] {processor.py:161} INFO - Processing /home/airflow/.local/lib/python3.7/site-packages/airflow/example_dags/example_latest_only_with_trigger.py took 0.558 seconds
[2022-05-04 21:20:34,617] {processor.py:153} INFO - Started process (PID=735) to work on /home/airflow/.local/lib/python3.7/site-packages/airflow/example_dags/example_latest_only_with_trigger.py
[2022-05-04 21:20:34,634] {processor.py:641} INFO - Processing file /home/airflow/.local/lib/python3.7/site-packages/airflow/example_dags/example_latest_only_with_trigger.py for tasks to queue
[2022-05-04 21:20:34,651] {logging_mixin.py:115} INFO - [2022-05-04 21:20:34,650] {dagbag.py:507} INFO - Filling up the DagBag from /home/airflow/.local/lib/python3.7/site-packages/airflow/example_dags/example_latest_only_with_trigger.py
[2022-05-04 21:20:35,281] {processor.py:651} INFO - DAG(s) dict_keys(['latest_only_with_trigger']) retrieved from /home/airflow/.local/lib/python3.7/site-packages/airflow/example_dags/example_latest_only_with_trigger.py
[2022-05-04 21:20:35,485] {logging_mixin.py:115} INFO - [2022-05-04 21:20:35,485] {dag.py:2371} INFO - Sync 1 DAGs
[2022-05-04 21:20:35,675] {logging_mixin.py:115} INFO - [2022-05-04 21:20:35,674] {dag.py:2919} INFO - Setting next_dagrun for latest_only_with_trigger to 2022-05-04T17:20:35.674521+00:00, run_after=2022-05-04T21:20:35.674521+00:00
[2022-05-04 21:20:35,727] {processor.py:161} INFO - Processing /home/airflow/.local/lib/python3.7/site-packages/airflow/example_dags/example_latest_only_with_trigger.py took 1.131 seconds
[2022-05-04 21:21:09,166] {processor.py:153} INFO - Started process (PID=935) to work on /home/airflow/.local/lib/python3.7/site-packages/airflow/example_dags/example_latest_only_with_trigger.py
[2022-05-04 21:21:09,181] {processor.py:641} INFO - Processing file /home/airflow/.local/lib/python3.7/site-packages/airflow/example_dags/example_latest_only_with_trigger.py for tasks to queue
[2022-05-04 21:21:09,189] {logging_mixin.py:115} INFO - [2022-05-04 21:21:09,188] {dagbag.py:507} INFO - Filling up the DagBag from /home/airflow/.local/lib/python3.7/site-packages/airflow/example_dags/example_latest_only_with_trigger.py
[2022-05-04 21:21:09,589] {processor.py:651} INFO - DAG(s) dict_keys(['latest_only_with_trigger']) retrieved from /home/airflow/.local/lib/python3.7/site-packages/airflow/example_dags/example_latest_only_with_trigger.py
[2022-05-04 21:21:09,694] {logging_mixin.py:115} INFO - [2022-05-04 21:21:09,694] {dag.py:2371} INFO - Sync 1 DAGs
[2022-05-04 21:21:09,751] {logging_mixin.py:115} INFO - [2022-05-04 21:21:09,751] {dag.py:2919} INFO - Setting next_dagrun for latest_only_with_trigger to 2022-05-04T17:21:09.751192+00:00, run_after=2022-05-04T21:21:09.751192+00:00
[2022-05-04 21:21:09,780] {processor.py:161} INFO - Processing /home/airflow/.local/lib/python3.7/site-packages/airflow/example_dags/example_latest_only_with_trigger.py took 0.627 seconds
[2022-05-04 21:21:40,718] {processor.py:153} INFO - Started process (PID=1124) to work on /home/airflow/.local/lib/python3.7/site-packages/airflow/example_dags/example_latest_only_with_trigger.py
[2022-05-04 21:21:40,722] {processor.py:641} INFO - Processing file /home/airflow/.local/lib/python3.7/site-packages/airflow/example_dags/example_latest_only_with_trigger.py for tasks to queue
[2022-05-04 21:21:40,730] {logging_mixin.py:115} INFO - [2022-05-04 21:21:40,729] {dagbag.py:507} INFO - Filling up the DagBag from /home/airflow/.local/lib/python3.7/site-packages/airflow/example_dags/example_latest_only_with_trigger.py
[2022-05-04 21:21:41,153] {processor.py:651} INFO - DAG(s) dict_keys(['latest_only_with_trigger']) retrieved from /home/airflow/.local/lib/python3.7/site-packages/airflow/example_dags/example_latest_only_with_trigger.py
[2022-05-04 21:21:41,202] {logging_mixin.py:115} INFO - [2022-05-04 21:21:41,202] {dag.py:2371} INFO - Sync 1 DAGs
[2022-05-04 21:21:41,244] {logging_mixin.py:115} INFO - [2022-05-04 21:21:41,244] {dag.py:2919} INFO - Setting next_dagrun for latest_only_with_trigger to 2022-05-04T17:21:41.244330+00:00, run_after=2022-05-04T21:21:41.244330+00:00
[2022-05-04 21:21:41,275] {processor.py:161} INFO - Processing /home/airflow/.local/lib/python3.7/site-packages/airflow/example_dags/example_latest_only_with_trigger.py took 0.581 seconds
[2022-05-04 21:22:12,065] {processor.py:153} INFO - Started process (PID=1314) to work on /home/airflow/.local/lib/python3.7/site-packages/airflow/example_dags/example_latest_only_with_trigger.py
[2022-05-04 21:22:12,074] {processor.py:641} INFO - Processing file /home/airflow/.local/lib/python3.7/site-packages/airflow/example_dags/example_latest_only_with_trigger.py for tasks to queue
[2022-05-04 21:22:12,077] {logging_mixin.py:115} INFO - [2022-05-04 21:22:12,076] {dagbag.py:507} INFO - Filling up the DagBag from /home/airflow/.local/lib/python3.7/site-packages/airflow/example_dags/example_latest_only_with_trigger.py
[2022-05-04 21:22:12,655] {processor.py:651} INFO - DAG(s) dict_keys(['latest_only_with_trigger']) retrieved from /home/airflow/.local/lib/python3.7/site-packages/airflow/example_dags/example_latest_only_with_trigger.py
[2022-05-04 21:22:12,767] {logging_mixin.py:115} INFO - [2022-05-04 21:22:12,767] {dag.py:2371} INFO - Sync 1 DAGs
[2022-05-04 21:22:12,846] {logging_mixin.py:115} INFO - [2022-05-04 21:22:12,846] {dag.py:2919} INFO - Setting next_dagrun for latest_only_with_trigger to 2022-05-04T17:22:12.844475+00:00, run_after=2022-05-04T21:22:12.844475+00:00
[2022-05-04 21:22:12,881] {processor.py:161} INFO - Processing /home/airflow/.local/lib/python3.7/site-packages/airflow/example_dags/example_latest_only_with_trigger.py took 0.858 seconds
[2022-05-04 21:22:43,371] {processor.py:153} INFO - Started process (PID=1504) to work on /home/airflow/.local/lib/python3.7/site-packages/airflow/example_dags/example_latest_only_with_trigger.py
[2022-05-04 21:22:43,376] {processor.py:641} INFO - Processing file /home/airflow/.local/lib/python3.7/site-packages/airflow/example_dags/example_latest_only_with_trigger.py for tasks to queue
[2022-05-04 21:22:43,382] {logging_mixin.py:115} INFO - [2022-05-04 21:22:43,381] {dagbag.py:507} INFO - Filling up the DagBag from /home/airflow/.local/lib/python3.7/site-packages/airflow/example_dags/example_latest_only_with_trigger.py
[2022-05-04 21:22:43,396] {processor.py:651} INFO - DAG(s) dict_keys(['latest_only_with_trigger']) retrieved from /home/airflow/.local/lib/python3.7/site-packages/airflow/example_dags/example_latest_only_with_trigger.py
[2022-05-04 21:22:43,459] {logging_mixin.py:115} INFO - [2022-05-04 21:22:43,459] {dag.py:2371} INFO - Sync 1 DAGs
[2022-05-04 21:22:43,534] {logging_mixin.py:115} INFO - [2022-05-04 21:22:43,534] {dag.py:2919} INFO - Setting next_dagrun for latest_only_with_trigger to 2022-05-04T17:22:43.534092+00:00, run_after=2022-05-04T21:22:43.534092+00:00
[2022-05-04 21:22:43,573] {processor.py:161} INFO - Processing /home/airflow/.local/lib/python3.7/site-packages/airflow/example_dags/example_latest_only_with_trigger.py took 0.209 seconds
[2022-05-04 21:23:14,162] {processor.py:153} INFO - Started process (PID=1704) to work on /home/airflow/.local/lib/python3.7/site-packages/airflow/example_dags/example_latest_only_with_trigger.py
[2022-05-04 21:23:14,168] {processor.py:641} INFO - Processing file /home/airflow/.local/lib/python3.7/site-packages/airflow/example_dags/example_latest_only_with_trigger.py for tasks to queue
[2022-05-04 21:23:14,175] {logging_mixin.py:115} INFO - [2022-05-04 21:23:14,174] {dagbag.py:507} INFO - Filling up the DagBag from /home/airflow/.local/lib/python3.7/site-packages/airflow/example_dags/example_latest_only_with_trigger.py
[2022-05-04 21:23:14,198] {processor.py:651} INFO - DAG(s) dict_keys(['latest_only_with_trigger']) retrieved from /home/airflow/.local/lib/python3.7/site-packages/airflow/example_dags/example_latest_only_with_trigger.py
[2022-05-04 21:23:14,337] {logging_mixin.py:115} INFO - [2022-05-04 21:23:14,336] {dag.py:2371} INFO - Sync 1 DAGs
[2022-05-04 21:23:14,407] {logging_mixin.py:115} INFO - [2022-05-04 21:23:14,407] {dag.py:2919} INFO - Setting next_dagrun for latest_only_with_trigger to 2022-05-04T17:23:14.407082+00:00, run_after=2022-05-04T21:23:14.407082+00:00
[2022-05-04 21:23:14,453] {processor.py:161} INFO - Processing /home/airflow/.local/lib/python3.7/site-packages/airflow/example_dags/example_latest_only_with_trigger.py took 0.300 seconds
