[2022-05-04 20:10:26,415] {processor.py:153} INFO - Started process (PID=165) to work on /home/airflow/.local/lib/python3.7/site-packages/airflow/example_dags/example_short_circuit_operator.py
[2022-05-04 20:10:26,435] {processor.py:641} INFO - Processing file /home/airflow/.local/lib/python3.7/site-packages/airflow/example_dags/example_short_circuit_operator.py for tasks to queue
[2022-05-04 20:10:26,442] {logging_mixin.py:115} INFO - [2022-05-04 20:10:26,442] {dagbag.py:507} INFO - Filling up the DagBag from /home/airflow/.local/lib/python3.7/site-packages/airflow/example_dags/example_short_circuit_operator.py
[2022-05-04 20:10:26,898] {processor.py:651} INFO - DAG(s) dict_keys(['example_short_circuit_operator']) retrieved from /home/airflow/.local/lib/python3.7/site-packages/airflow/example_dags/example_short_circuit_operator.py
[2022-05-04 20:10:34,257] {logging_mixin.py:115} INFO - [2022-05-04 20:10:34,257] {manager.py:508} INFO - Created Permission View: can read on DAG:example_short_circuit_operator
[2022-05-04 20:10:34,715] {logging_mixin.py:115} INFO - [2022-05-04 20:10:34,715] {manager.py:508} INFO - Created Permission View: can delete on DAG:example_short_circuit_operator
[2022-05-04 20:10:35,279] {logging_mixin.py:115} INFO - [2022-05-04 20:10:35,279] {manager.py:508} INFO - Created Permission View: can edit on DAG:example_short_circuit_operator
[2022-05-04 20:10:35,292] {logging_mixin.py:115} INFO - [2022-05-04 20:10:35,292] {dag.py:2371} INFO - Sync 1 DAGs
[2022-05-04 20:10:35,828] {logging_mixin.py:115} INFO - [2022-05-04 20:10:35,828] {dag.py:2390} INFO - Creating ORM DAG for example_short_circuit_operator
[2022-05-04 20:10:36,248] {logging_mixin.py:115} INFO - [2022-05-04 20:10:36,247] {dag.py:2919} INFO - Setting next_dagrun for example_short_circuit_operator to 2022-05-03T20:10:36.199492+00:00, run_after=2022-05-04T20:10:36.199492+00:00
[2022-05-04 20:10:37,586] {processor.py:161} INFO - Processing /home/airflow/.local/lib/python3.7/site-packages/airflow/example_dags/example_short_circuit_operator.py took 11.313 seconds
[2022-05-04 20:25:18,938] {processor.py:153} INFO - Started process (PID=397) to work on /home/airflow/.local/lib/python3.7/site-packages/airflow/example_dags/example_short_circuit_operator.py
[2022-05-04 20:25:19,885] {processor.py:641} INFO - Processing file /home/airflow/.local/lib/python3.7/site-packages/airflow/example_dags/example_short_circuit_operator.py for tasks to queue
[2022-05-04 20:25:20,463] {logging_mixin.py:115} INFO - [2022-05-04 20:25:20,313] {dagbag.py:507} INFO - Filling up the DagBag from /home/airflow/.local/lib/python3.7/site-packages/airflow/example_dags/example_short_circuit_operator.py
[2022-05-04 20:25:53,494] {logging_mixin.py:115} INFO - [2022-05-04 20:25:53,297] {timeout.py:67} ERROR - Process timed out, PID: 397
[2022-05-04 20:27:26,588] {logging_mixin.py:115} INFO - [2022-05-04 20:25:53,702] {dagbag.py:320} ERROR - Failed to import: /home/airflow/.local/lib/python3.7/site-packages/airflow/example_dags/example_short_circuit_operator.py
Traceback (most recent call last):
  File "/home/airflow/.local/lib/python3.7/site-packages/airflow/models/dagbag.py", line 317, in parse
    loader.exec_module(new_module)
  File "<frozen importlib._bootstrap_external>", line 728, in exec_module
  File "<frozen importlib._bootstrap>", line 219, in _call_with_frames_removed
  File "/home/airflow/.local/lib/python3.7/site-packages/airflow/example_dags/example_short_circuit_operator.py", line 54, in <module>
    EmptyOperator(task_id=f"task_{i}") for i in range(1, 7)
  File "/home/airflow/.local/lib/python3.7/site-packages/airflow/example_dags/example_short_circuit_operator.py", line 54, in <listcomp>
    EmptyOperator(task_id=f"task_{i}") for i in range(1, 7)
  File "/home/airflow/.local/lib/python3.7/site-packages/airflow/models/baseoperator.py", line 390, in apply_defaults
    result = func(self, **kwargs, default_args=default_args)
  File "/home/airflow/.local/lib/python3.7/site-packages/airflow/models/baseoperator.py", line 390, in apply_defaults
    result = func(self, **kwargs, default_args=default_args)
  File "/home/airflow/.local/lib/python3.7/site-packages/airflow/models/baseoperator.py", line 757, in __init__
    task_group = task_group or TaskGroupContext.get_current_task_group(dag)
  File "/home/airflow/.local/lib/python3.7/site-packages/airflow/utils/task_group.py", line 467, in get_current_task_group
    from airflow.models.dag import DagContext
  File "<frozen importlib._bootstrap>", line 1019, in _handle_fromlist
  File "/home/airflow/.local/lib/python3.7/site-packages/airflow/utils/timeout.py", line 68, in handle_timeout
    raise AirflowTaskTimeout(self.error_message)
airflow.exceptions.AirflowTaskTimeout: DagBag import timeout for /home/airflow/.local/lib/python3.7/site-packages/airflow/example_dags/example_short_circuit_operator.py after 30.0s.
Please take a look at these docs to improve your DAG import time:
* https://airflow.apache.org/docs/apache-airflow/2.3.0/best-practices.html#top-level-python-code
* https://airflow.apache.org/docs/apache-airflow/2.3.0/best-practices.html#reducing-dag-complexity, PID: 397
[2022-05-04 20:27:27,116] {processor.py:653} WARNING - No viable dags retrieved from /home/airflow/.local/lib/python3.7/site-packages/airflow/example_dags/example_short_circuit_operator.py
[2022-05-04 20:27:40,347] {processor.py:161} INFO - Processing /home/airflow/.local/lib/python3.7/site-packages/airflow/example_dags/example_short_circuit_operator.py took 143.433 seconds
[2022-05-04 21:17:49,985] {processor.py:153} INFO - Started process (PID=253) to work on /home/airflow/.local/lib/python3.7/site-packages/airflow/example_dags/example_short_circuit_operator.py
[2022-05-04 21:17:50,004] {processor.py:641} INFO - Processing file /home/airflow/.local/lib/python3.7/site-packages/airflow/example_dags/example_short_circuit_operator.py for tasks to queue
[2022-05-04 21:17:50,068] {logging_mixin.py:115} INFO - [2022-05-04 21:17:50,067] {dagbag.py:507} INFO - Filling up the DagBag from /home/airflow/.local/lib/python3.7/site-packages/airflow/example_dags/example_short_circuit_operator.py
[2022-05-04 21:17:56,316] {processor.py:651} INFO - DAG(s) dict_keys(['example_short_circuit_operator']) retrieved from /home/airflow/.local/lib/python3.7/site-packages/airflow/example_dags/example_short_circuit_operator.py
[2022-05-04 21:18:02,173] {logging_mixin.py:115} INFO - [2022-05-04 21:18:02,173] {manager.py:508} INFO - Created Permission View: can edit on DAG:example_short_circuit_operator
[2022-05-04 21:18:02,593] {logging_mixin.py:115} INFO - [2022-05-04 21:18:02,593] {manager.py:508} INFO - Created Permission View: can delete on DAG:example_short_circuit_operator
[2022-05-04 21:18:02,944] {logging_mixin.py:115} INFO - [2022-05-04 21:18:02,943] {manager.py:508} INFO - Created Permission View: can read on DAG:example_short_circuit_operator
[2022-05-04 21:18:02,950] {logging_mixin.py:115} INFO - [2022-05-04 21:18:02,949] {dag.py:2371} INFO - Sync 1 DAGs
[2022-05-04 21:18:03,235] {logging_mixin.py:115} INFO - [2022-05-04 21:18:03,234] {dag.py:2390} INFO - Creating ORM DAG for example_short_circuit_operator
[2022-05-04 21:18:03,480] {logging_mixin.py:115} INFO - [2022-05-04 21:18:03,480] {dag.py:2919} INFO - Setting next_dagrun for example_short_circuit_operator to 2022-05-03T21:18:03.480174+00:00, run_after=2022-05-04T21:18:03.480174+00:00
[2022-05-04 21:18:03,797] {processor.py:161} INFO - Processing /home/airflow/.local/lib/python3.7/site-packages/airflow/example_dags/example_short_circuit_operator.py took 14.019 seconds
[2022-05-04 21:19:56,487] {processor.py:153} INFO - Started process (PID=485) to work on /home/airflow/.local/lib/python3.7/site-packages/airflow/example_dags/example_short_circuit_operator.py
[2022-05-04 21:19:56,494] {processor.py:641} INFO - Processing file /home/airflow/.local/lib/python3.7/site-packages/airflow/example_dags/example_short_circuit_operator.py for tasks to queue
[2022-05-04 21:19:56,498] {logging_mixin.py:115} INFO - [2022-05-04 21:19:56,497] {dagbag.py:507} INFO - Filling up the DagBag from /home/airflow/.local/lib/python3.7/site-packages/airflow/example_dags/example_short_circuit_operator.py
[2022-05-04 21:19:57,241] {processor.py:651} INFO - DAG(s) dict_keys(['example_short_circuit_operator']) retrieved from /home/airflow/.local/lib/python3.7/site-packages/airflow/example_dags/example_short_circuit_operator.py
[2022-05-04 21:19:57,318] {logging_mixin.py:115} INFO - [2022-05-04 21:19:57,317] {dag.py:2371} INFO - Sync 1 DAGs
[2022-05-04 21:19:57,440] {logging_mixin.py:115} INFO - [2022-05-04 21:19:57,440] {dag.py:2919} INFO - Setting next_dagrun for example_short_circuit_operator to 2022-05-03T21:19:57.439906+00:00, run_after=2022-05-04T21:19:57.439906+00:00
[2022-05-04 21:19:57,498] {processor.py:161} INFO - Processing /home/airflow/.local/lib/python3.7/site-packages/airflow/example_dags/example_short_circuit_operator.py took 1.026 seconds
[2022-05-04 21:20:28,165] {processor.py:153} INFO - Started process (PID=677) to work on /home/airflow/.local/lib/python3.7/site-packages/airflow/example_dags/example_short_circuit_operator.py
[2022-05-04 21:20:28,172] {processor.py:641} INFO - Processing file /home/airflow/.local/lib/python3.7/site-packages/airflow/example_dags/example_short_circuit_operator.py for tasks to queue
[2022-05-04 21:20:28,290] {logging_mixin.py:115} INFO - [2022-05-04 21:20:28,290] {dagbag.py:507} INFO - Filling up the DagBag from /home/airflow/.local/lib/python3.7/site-packages/airflow/example_dags/example_short_circuit_operator.py
[2022-05-04 21:20:28,790] {processor.py:651} INFO - DAG(s) dict_keys(['example_short_circuit_operator']) retrieved from /home/airflow/.local/lib/python3.7/site-packages/airflow/example_dags/example_short_circuit_operator.py
[2022-05-04 21:20:28,864] {logging_mixin.py:115} INFO - [2022-05-04 21:20:28,864] {dag.py:2371} INFO - Sync 1 DAGs
[2022-05-04 21:20:28,972] {logging_mixin.py:115} INFO - [2022-05-04 21:20:28,972] {dag.py:2919} INFO - Setting next_dagrun for example_short_circuit_operator to 2022-05-03T21:20:28.971021+00:00, run_after=2022-05-04T21:20:28.971021+00:00
[2022-05-04 21:20:29,028] {processor.py:161} INFO - Processing /home/airflow/.local/lib/python3.7/site-packages/airflow/example_dags/example_short_circuit_operator.py took 0.878 seconds
[2022-05-04 21:20:59,840] {processor.py:153} INFO - Started process (PID=867) to work on /home/airflow/.local/lib/python3.7/site-packages/airflow/example_dags/example_short_circuit_operator.py
[2022-05-04 21:20:59,849] {processor.py:641} INFO - Processing file /home/airflow/.local/lib/python3.7/site-packages/airflow/example_dags/example_short_circuit_operator.py for tasks to queue
[2022-05-04 21:20:59,854] {logging_mixin.py:115} INFO - [2022-05-04 21:20:59,854] {dagbag.py:507} INFO - Filling up the DagBag from /home/airflow/.local/lib/python3.7/site-packages/airflow/example_dags/example_short_circuit_operator.py
[2022-05-04 21:21:00,379] {processor.py:651} INFO - DAG(s) dict_keys(['example_short_circuit_operator']) retrieved from /home/airflow/.local/lib/python3.7/site-packages/airflow/example_dags/example_short_circuit_operator.py
[2022-05-04 21:21:00,477] {logging_mixin.py:115} INFO - [2022-05-04 21:21:00,476] {dag.py:2371} INFO - Sync 1 DAGs
[2022-05-04 21:21:00,583] {logging_mixin.py:115} INFO - [2022-05-04 21:21:00,583] {dag.py:2919} INFO - Setting next_dagrun for example_short_circuit_operator to 2022-05-03T21:21:00.582963+00:00, run_after=2022-05-04T21:21:00.582963+00:00
[2022-05-04 21:21:00,640] {processor.py:161} INFO - Processing /home/airflow/.local/lib/python3.7/site-packages/airflow/example_dags/example_short_circuit_operator.py took 0.816 seconds
[2022-05-04 21:21:30,808] {processor.py:153} INFO - Started process (PID=1056) to work on /home/airflow/.local/lib/python3.7/site-packages/airflow/example_dags/example_short_circuit_operator.py
[2022-05-04 21:21:30,812] {processor.py:641} INFO - Processing file /home/airflow/.local/lib/python3.7/site-packages/airflow/example_dags/example_short_circuit_operator.py for tasks to queue
[2022-05-04 21:21:30,823] {logging_mixin.py:115} INFO - [2022-05-04 21:21:30,823] {dagbag.py:507} INFO - Filling up the DagBag from /home/airflow/.local/lib/python3.7/site-packages/airflow/example_dags/example_short_circuit_operator.py
[2022-05-04 21:21:31,084] {processor.py:651} INFO - DAG(s) dict_keys(['example_short_circuit_operator']) retrieved from /home/airflow/.local/lib/python3.7/site-packages/airflow/example_dags/example_short_circuit_operator.py
[2022-05-04 21:21:31,223] {logging_mixin.py:115} INFO - [2022-05-04 21:21:31,223] {dag.py:2371} INFO - Sync 1 DAGs
[2022-05-04 21:21:31,281] {logging_mixin.py:115} INFO - [2022-05-04 21:21:31,281] {dag.py:2919} INFO - Setting next_dagrun for example_short_circuit_operator to 2022-05-03T21:21:31.281348+00:00, run_after=2022-05-04T21:21:31.281348+00:00
[2022-05-04 21:21:31,311] {processor.py:161} INFO - Processing /home/airflow/.local/lib/python3.7/site-packages/airflow/example_dags/example_short_circuit_operator.py took 0.517 seconds
[2022-05-04 21:22:02,546] {processor.py:153} INFO - Started process (PID=1244) to work on /home/airflow/.local/lib/python3.7/site-packages/airflow/example_dags/example_short_circuit_operator.py
[2022-05-04 21:22:02,553] {processor.py:641} INFO - Processing file /home/airflow/.local/lib/python3.7/site-packages/airflow/example_dags/example_short_circuit_operator.py for tasks to queue
[2022-05-04 21:22:02,557] {logging_mixin.py:115} INFO - [2022-05-04 21:22:02,557] {dagbag.py:507} INFO - Filling up the DagBag from /home/airflow/.local/lib/python3.7/site-packages/airflow/example_dags/example_short_circuit_operator.py
[2022-05-04 21:22:03,103] {processor.py:651} INFO - DAG(s) dict_keys(['example_short_circuit_operator']) retrieved from /home/airflow/.local/lib/python3.7/site-packages/airflow/example_dags/example_short_circuit_operator.py
[2022-05-04 21:22:03,161] {logging_mixin.py:115} INFO - [2022-05-04 21:22:03,161] {dag.py:2371} INFO - Sync 1 DAGs
[2022-05-04 21:22:03,216] {logging_mixin.py:115} INFO - [2022-05-04 21:22:03,216] {dag.py:2919} INFO - Setting next_dagrun for example_short_circuit_operator to 2022-05-03T21:22:03.215661+00:00, run_after=2022-05-04T21:22:03.215661+00:00
[2022-05-04 21:22:03,262] {processor.py:161} INFO - Processing /home/airflow/.local/lib/python3.7/site-packages/airflow/example_dags/example_short_circuit_operator.py took 0.731 seconds
[2022-05-04 21:22:33,982] {processor.py:153} INFO - Started process (PID=1434) to work on /home/airflow/.local/lib/python3.7/site-packages/airflow/example_dags/example_short_circuit_operator.py
[2022-05-04 21:22:33,987] {processor.py:641} INFO - Processing file /home/airflow/.local/lib/python3.7/site-packages/airflow/example_dags/example_short_circuit_operator.py for tasks to queue
[2022-05-04 21:22:33,994] {logging_mixin.py:115} INFO - [2022-05-04 21:22:33,993] {dagbag.py:507} INFO - Filling up the DagBag from /home/airflow/.local/lib/python3.7/site-packages/airflow/example_dags/example_short_circuit_operator.py
[2022-05-04 21:22:34,035] {processor.py:651} INFO - DAG(s) dict_keys(['example_short_circuit_operator']) retrieved from /home/airflow/.local/lib/python3.7/site-packages/airflow/example_dags/example_short_circuit_operator.py
[2022-05-04 21:22:34,100] {logging_mixin.py:115} INFO - [2022-05-04 21:22:34,099] {dag.py:2371} INFO - Sync 1 DAGs
[2022-05-04 21:22:34,153] {logging_mixin.py:115} INFO - [2022-05-04 21:22:34,153] {dag.py:2919} INFO - Setting next_dagrun for example_short_circuit_operator to 2022-05-03T21:22:34.152332+00:00, run_after=2022-05-04T21:22:34.152332+00:00
[2022-05-04 21:22:34,191] {processor.py:161} INFO - Processing /home/airflow/.local/lib/python3.7/site-packages/airflow/example_dags/example_short_circuit_operator.py took 0.221 seconds
[2022-05-04 21:23:05,093] {processor.py:153} INFO - Started process (PID=1634) to work on /home/airflow/.local/lib/python3.7/site-packages/airflow/example_dags/example_short_circuit_operator.py
[2022-05-04 21:23:05,099] {processor.py:641} INFO - Processing file /home/airflow/.local/lib/python3.7/site-packages/airflow/example_dags/example_short_circuit_operator.py for tasks to queue
[2022-05-04 21:23:05,105] {logging_mixin.py:115} INFO - [2022-05-04 21:23:05,101] {dagbag.py:507} INFO - Filling up the DagBag from /home/airflow/.local/lib/python3.7/site-packages/airflow/example_dags/example_short_circuit_operator.py
[2022-05-04 21:23:05,130] {processor.py:651} INFO - DAG(s) dict_keys(['example_short_circuit_operator']) retrieved from /home/airflow/.local/lib/python3.7/site-packages/airflow/example_dags/example_short_circuit_operator.py
[2022-05-04 21:23:05,192] {logging_mixin.py:115} INFO - [2022-05-04 21:23:05,192] {dag.py:2371} INFO - Sync 1 DAGs
[2022-05-04 21:23:05,241] {logging_mixin.py:115} INFO - [2022-05-04 21:23:05,241] {dag.py:2919} INFO - Setting next_dagrun for example_short_circuit_operator to 2022-05-03T21:23:05.241069+00:00, run_after=2022-05-04T21:23:05.241069+00:00
[2022-05-04 21:23:05,271] {processor.py:161} INFO - Processing /home/airflow/.local/lib/python3.7/site-packages/airflow/example_dags/example_short_circuit_operator.py took 0.191 seconds
[2022-05-04 21:23:35,785] {processor.py:153} INFO - Started process (PID=1822) to work on /home/airflow/.local/lib/python3.7/site-packages/airflow/example_dags/example_short_circuit_operator.py
[2022-05-04 21:23:35,793] {processor.py:641} INFO - Processing file /home/airflow/.local/lib/python3.7/site-packages/airflow/example_dags/example_short_circuit_operator.py for tasks to queue
[2022-05-04 21:23:35,823] {logging_mixin.py:115} INFO - [2022-05-04 21:23:35,822] {dagbag.py:507} INFO - Filling up the DagBag from /home/airflow/.local/lib/python3.7/site-packages/airflow/example_dags/example_short_circuit_operator.py
[2022-05-04 21:23:35,985] {processor.py:651} INFO - DAG(s) dict_keys(['example_short_circuit_operator']) retrieved from /home/airflow/.local/lib/python3.7/site-packages/airflow/example_dags/example_short_circuit_operator.py
[2022-05-04 21:23:36,409] {logging_mixin.py:115} INFO - [2022-05-04 21:23:36,408] {dag.py:2371} INFO - Sync 1 DAGs
[2022-05-04 21:23:36,643] {logging_mixin.py:115} INFO - [2022-05-04 21:23:36,643] {dag.py:2919} INFO - Setting next_dagrun for example_short_circuit_operator to 2022-05-03T21:23:36.642740+00:00, run_after=2022-05-04T21:23:36.642740+00:00
[2022-05-04 21:23:36,723] {processor.py:161} INFO - Processing /home/airflow/.local/lib/python3.7/site-packages/airflow/example_dags/example_short_circuit_operator.py took 0.976 seconds
