[2022-05-04 20:14:41,704] {processor.py:153} INFO - Started process (PID=283) to work on /home/airflow/.local/lib/python3.7/site-packages/airflow/example_dags/tutorial_etl_dag.py
[2022-05-04 20:14:41,759] {processor.py:641} INFO - Processing file /home/airflow/.local/lib/python3.7/site-packages/airflow/example_dags/tutorial_etl_dag.py for tasks to queue
[2022-05-04 20:14:41,780] {logging_mixin.py:115} INFO - [2022-05-04 20:14:41,780] {dagbag.py:507} INFO - Filling up the DagBag from /home/airflow/.local/lib/python3.7/site-packages/airflow/example_dags/tutorial_etl_dag.py
[2022-05-04 20:14:44,425] {processor.py:651} INFO - DAG(s) dict_keys(['tutorial_etl_dag']) retrieved from /home/airflow/.local/lib/python3.7/site-packages/airflow/example_dags/tutorial_etl_dag.py
[2022-05-04 21:19:47,195] {processor.py:153} INFO - Started process (PID=420) to work on /home/airflow/.local/lib/python3.7/site-packages/airflow/example_dags/tutorial_etl_dag.py
[2022-05-04 21:19:47,203] {processor.py:641} INFO - Processing file /home/airflow/.local/lib/python3.7/site-packages/airflow/example_dags/tutorial_etl_dag.py for tasks to queue
[2022-05-04 21:19:47,224] {logging_mixin.py:115} INFO - [2022-05-04 21:19:47,224] {dagbag.py:507} INFO - Filling up the DagBag from /home/airflow/.local/lib/python3.7/site-packages/airflow/example_dags/tutorial_etl_dag.py
[2022-05-04 21:19:47,616] {processor.py:651} INFO - DAG(s) dict_keys(['tutorial_etl_dag']) retrieved from /home/airflow/.local/lib/python3.7/site-packages/airflow/example_dags/tutorial_etl_dag.py
[2022-05-04 21:19:47,953] {logging_mixin.py:115} INFO - [2022-05-04 21:19:47,952] {manager.py:508} INFO - Created Permission View: can edit on DAG:tutorial_etl_dag
[2022-05-04 21:19:47,986] {logging_mixin.py:115} INFO - [2022-05-04 21:19:47,986] {manager.py:508} INFO - Created Permission View: can delete on DAG:tutorial_etl_dag
[2022-05-04 21:19:48,036] {logging_mixin.py:115} INFO - [2022-05-04 21:19:48,035] {manager.py:508} INFO - Created Permission View: can read on DAG:tutorial_etl_dag
[2022-05-04 21:19:48,084] {logging_mixin.py:115} INFO - [2022-05-04 21:19:48,084] {dag.py:2371} INFO - Sync 1 DAGs
[2022-05-04 21:19:48,169] {logging_mixin.py:115} INFO - [2022-05-04 21:19:48,169] {dag.py:2390} INFO - Creating ORM DAG for tutorial_etl_dag
[2022-05-04 21:19:48,234] {logging_mixin.py:115} INFO - [2022-05-04 21:19:48,234] {dag.py:2919} INFO - Setting next_dagrun for tutorial_etl_dag to None, run_after=None
[2022-05-04 21:19:48,285] {processor.py:161} INFO - Processing /home/airflow/.local/lib/python3.7/site-packages/airflow/example_dags/tutorial_etl_dag.py took 1.101 seconds
[2022-05-04 21:20:18,473] {processor.py:153} INFO - Started process (PID=612) to work on /home/airflow/.local/lib/python3.7/site-packages/airflow/example_dags/tutorial_etl_dag.py
[2022-05-04 21:20:18,486] {processor.py:641} INFO - Processing file /home/airflow/.local/lib/python3.7/site-packages/airflow/example_dags/tutorial_etl_dag.py for tasks to queue
[2022-05-04 21:20:18,501] {logging_mixin.py:115} INFO - [2022-05-04 21:20:18,500] {dagbag.py:507} INFO - Filling up the DagBag from /home/airflow/.local/lib/python3.7/site-packages/airflow/example_dags/tutorial_etl_dag.py
[2022-05-04 21:20:18,833] {processor.py:651} INFO - DAG(s) dict_keys(['tutorial_etl_dag']) retrieved from /home/airflow/.local/lib/python3.7/site-packages/airflow/example_dags/tutorial_etl_dag.py
[2022-05-04 21:20:18,876] {logging_mixin.py:115} INFO - [2022-05-04 21:20:18,876] {dag.py:2371} INFO - Sync 1 DAGs
[2022-05-04 21:20:18,922] {logging_mixin.py:115} INFO - [2022-05-04 21:20:18,922] {dag.py:2919} INFO - Setting next_dagrun for tutorial_etl_dag to None, run_after=None
[2022-05-04 21:20:18,955] {processor.py:161} INFO - Processing /home/airflow/.local/lib/python3.7/site-packages/airflow/example_dags/tutorial_etl_dag.py took 0.504 seconds
[2022-05-04 21:20:49,064] {processor.py:153} INFO - Started process (PID=802) to work on /home/airflow/.local/lib/python3.7/site-packages/airflow/example_dags/tutorial_etl_dag.py
[2022-05-04 21:20:49,067] {processor.py:641} INFO - Processing file /home/airflow/.local/lib/python3.7/site-packages/airflow/example_dags/tutorial_etl_dag.py for tasks to queue
[2022-05-04 21:20:49,070] {logging_mixin.py:115} INFO - [2022-05-04 21:20:49,069] {dagbag.py:507} INFO - Filling up the DagBag from /home/airflow/.local/lib/python3.7/site-packages/airflow/example_dags/tutorial_etl_dag.py
[2022-05-04 21:20:49,288] {processor.py:651} INFO - DAG(s) dict_keys(['tutorial_etl_dag']) retrieved from /home/airflow/.local/lib/python3.7/site-packages/airflow/example_dags/tutorial_etl_dag.py
[2022-05-04 21:20:49,330] {logging_mixin.py:115} INFO - [2022-05-04 21:20:49,330] {dag.py:2371} INFO - Sync 1 DAGs
[2022-05-04 21:20:49,374] {logging_mixin.py:115} INFO - [2022-05-04 21:20:49,374] {dag.py:2919} INFO - Setting next_dagrun for tutorial_etl_dag to None, run_after=None
[2022-05-04 21:20:49,395] {processor.py:161} INFO - Processing /home/airflow/.local/lib/python3.7/site-packages/airflow/example_dags/tutorial_etl_dag.py took 0.339 seconds
[2022-05-04 21:21:19,841] {processor.py:153} INFO - Started process (PID=990) to work on /home/airflow/.local/lib/python3.7/site-packages/airflow/example_dags/tutorial_etl_dag.py
[2022-05-04 21:21:19,855] {processor.py:641} INFO - Processing file /home/airflow/.local/lib/python3.7/site-packages/airflow/example_dags/tutorial_etl_dag.py for tasks to queue
[2022-05-04 21:21:19,905] {logging_mixin.py:115} INFO - [2022-05-04 21:21:19,879] {dagbag.py:507} INFO - Filling up the DagBag from /home/airflow/.local/lib/python3.7/site-packages/airflow/example_dags/tutorial_etl_dag.py
[2022-05-04 21:21:20,366] {processor.py:651} INFO - DAG(s) dict_keys(['tutorial_etl_dag']) retrieved from /home/airflow/.local/lib/python3.7/site-packages/airflow/example_dags/tutorial_etl_dag.py
[2022-05-04 21:21:20,414] {logging_mixin.py:115} INFO - [2022-05-04 21:21:20,414] {dag.py:2371} INFO - Sync 1 DAGs
[2022-05-04 21:21:20,468] {logging_mixin.py:115} INFO - [2022-05-04 21:21:20,468] {dag.py:2919} INFO - Setting next_dagrun for tutorial_etl_dag to None, run_after=None
[2022-05-04 21:21:20,492] {processor.py:161} INFO - Processing /home/airflow/.local/lib/python3.7/site-packages/airflow/example_dags/tutorial_etl_dag.py took 0.678 seconds
[2022-05-04 21:21:50,841] {processor.py:153} INFO - Started process (PID=1179) to work on /home/airflow/.local/lib/python3.7/site-packages/airflow/example_dags/tutorial_etl_dag.py
[2022-05-04 21:21:50,845] {processor.py:641} INFO - Processing file /home/airflow/.local/lib/python3.7/site-packages/airflow/example_dags/tutorial_etl_dag.py for tasks to queue
[2022-05-04 21:21:50,849] {logging_mixin.py:115} INFO - [2022-05-04 21:21:50,849] {dagbag.py:507} INFO - Filling up the DagBag from /home/airflow/.local/lib/python3.7/site-packages/airflow/example_dags/tutorial_etl_dag.py
[2022-05-04 21:21:51,182] {processor.py:651} INFO - DAG(s) dict_keys(['tutorial_etl_dag']) retrieved from /home/airflow/.local/lib/python3.7/site-packages/airflow/example_dags/tutorial_etl_dag.py
[2022-05-04 21:21:51,250] {logging_mixin.py:115} INFO - [2022-05-04 21:21:51,250] {dag.py:2371} INFO - Sync 1 DAGs
[2022-05-04 21:21:51,317] {logging_mixin.py:115} INFO - [2022-05-04 21:21:51,317] {dag.py:2919} INFO - Setting next_dagrun for tutorial_etl_dag to None, run_after=None
[2022-05-04 21:21:51,352] {processor.py:161} INFO - Processing /home/airflow/.local/lib/python3.7/site-packages/airflow/example_dags/tutorial_etl_dag.py took 0.517 seconds
[2022-05-04 21:22:21,772] {processor.py:153} INFO - Started process (PID=1369) to work on /home/airflow/.local/lib/python3.7/site-packages/airflow/example_dags/tutorial_etl_dag.py
[2022-05-04 21:22:21,778] {processor.py:641} INFO - Processing file /home/airflow/.local/lib/python3.7/site-packages/airflow/example_dags/tutorial_etl_dag.py for tasks to queue
[2022-05-04 21:22:21,783] {logging_mixin.py:115} INFO - [2022-05-04 21:22:21,783] {dagbag.py:507} INFO - Filling up the DagBag from /home/airflow/.local/lib/python3.7/site-packages/airflow/example_dags/tutorial_etl_dag.py
[2022-05-04 21:22:21,818] {processor.py:651} INFO - DAG(s) dict_keys(['tutorial_etl_dag']) retrieved from /home/airflow/.local/lib/python3.7/site-packages/airflow/example_dags/tutorial_etl_dag.py
[2022-05-04 21:22:21,881] {logging_mixin.py:115} INFO - [2022-05-04 21:22:21,881] {dag.py:2371} INFO - Sync 1 DAGs
[2022-05-04 21:22:21,932] {logging_mixin.py:115} INFO - [2022-05-04 21:22:21,932] {dag.py:2919} INFO - Setting next_dagrun for tutorial_etl_dag to None, run_after=None
[2022-05-04 21:22:21,963] {processor.py:161} INFO - Processing /home/airflow/.local/lib/python3.7/site-packages/airflow/example_dags/tutorial_etl_dag.py took 0.196 seconds
[2022-05-04 21:22:52,771] {processor.py:153} INFO - Started process (PID=1570) to work on /home/airflow/.local/lib/python3.7/site-packages/airflow/example_dags/tutorial_etl_dag.py
[2022-05-04 21:22:52,774] {processor.py:641} INFO - Processing file /home/airflow/.local/lib/python3.7/site-packages/airflow/example_dags/tutorial_etl_dag.py for tasks to queue
[2022-05-04 21:22:52,776] {logging_mixin.py:115} INFO - [2022-05-04 21:22:52,776] {dagbag.py:507} INFO - Filling up the DagBag from /home/airflow/.local/lib/python3.7/site-packages/airflow/example_dags/tutorial_etl_dag.py
[2022-05-04 21:22:52,793] {processor.py:651} INFO - DAG(s) dict_keys(['tutorial_etl_dag']) retrieved from /home/airflow/.local/lib/python3.7/site-packages/airflow/example_dags/tutorial_etl_dag.py
[2022-05-04 21:22:52,844] {logging_mixin.py:115} INFO - [2022-05-04 21:22:52,843] {dag.py:2371} INFO - Sync 1 DAGs
[2022-05-04 21:22:52,881] {logging_mixin.py:115} INFO - [2022-05-04 21:22:52,881] {dag.py:2919} INFO - Setting next_dagrun for tutorial_etl_dag to None, run_after=None
[2022-05-04 21:22:52,908] {processor.py:161} INFO - Processing /home/airflow/.local/lib/python3.7/site-packages/airflow/example_dags/tutorial_etl_dag.py took 0.146 seconds
[2022-05-04 21:23:24,000] {processor.py:153} INFO - Started process (PID=1757) to work on /home/airflow/.local/lib/python3.7/site-packages/airflow/example_dags/tutorial_etl_dag.py
[2022-05-04 21:23:24,017] {processor.py:641} INFO - Processing file /home/airflow/.local/lib/python3.7/site-packages/airflow/example_dags/tutorial_etl_dag.py for tasks to queue
[2022-05-04 21:23:24,024] {logging_mixin.py:115} INFO - [2022-05-04 21:23:24,023] {dagbag.py:507} INFO - Filling up the DagBag from /home/airflow/.local/lib/python3.7/site-packages/airflow/example_dags/tutorial_etl_dag.py
[2022-05-04 21:23:24,067] {processor.py:651} INFO - DAG(s) dict_keys(['tutorial_etl_dag']) retrieved from /home/airflow/.local/lib/python3.7/site-packages/airflow/example_dags/tutorial_etl_dag.py
[2022-05-04 21:23:24,168] {logging_mixin.py:115} INFO - [2022-05-04 21:23:24,166] {dag.py:2371} INFO - Sync 1 DAGs
[2022-05-04 21:23:24,297] {logging_mixin.py:115} INFO - [2022-05-04 21:23:24,297] {dag.py:2919} INFO - Setting next_dagrun for tutorial_etl_dag to None, run_after=None
[2022-05-04 21:23:24,351] {processor.py:161} INFO - Processing /home/airflow/.local/lib/python3.7/site-packages/airflow/example_dags/tutorial_etl_dag.py took 0.367 seconds
