[2022-05-04 20:13:41,643] {processor.py:153} INFO - Started process (PID=257) to work on /home/airflow/.local/lib/python3.7/site-packages/airflow/example_dags/tutorial_taskflow_api_etl_virtualenv.py
[2022-05-04 20:13:42,172] {processor.py:641} INFO - Processing file /home/airflow/.local/lib/python3.7/site-packages/airflow/example_dags/tutorial_taskflow_api_etl_virtualenv.py for tasks to queue
[2022-05-04 20:13:42,195] {logging_mixin.py:115} INFO - [2022-05-04 20:13:42,195] {dagbag.py:507} INFO - Filling up the DagBag from /home/airflow/.local/lib/python3.7/site-packages/airflow/example_dags/tutorial_taskflow_api_etl_virtualenv.py
[2022-05-04 20:14:29,279] {processor.py:651} INFO - DAG(s) dict_keys(['tutorial_taskflow_api_etl_virtualenv']) retrieved from /home/airflow/.local/lib/python3.7/site-packages/airflow/example_dags/tutorial_taskflow_api_etl_virtualenv.py
[2022-05-04 21:19:41,410] {processor.py:153} INFO - Started process (PID=405) to work on /home/airflow/.local/lib/python3.7/site-packages/airflow/example_dags/tutorial_taskflow_api_etl_virtualenv.py
[2022-05-04 21:19:41,414] {processor.py:641} INFO - Processing file /home/airflow/.local/lib/python3.7/site-packages/airflow/example_dags/tutorial_taskflow_api_etl_virtualenv.py for tasks to queue
[2022-05-04 21:19:41,423] {logging_mixin.py:115} INFO - [2022-05-04 21:19:41,422] {dagbag.py:507} INFO - Filling up the DagBag from /home/airflow/.local/lib/python3.7/site-packages/airflow/example_dags/tutorial_taskflow_api_etl_virtualenv.py
[2022-05-04 21:19:42,439] {processor.py:651} INFO - DAG(s) dict_keys(['tutorial_taskflow_api_etl_virtualenv']) retrieved from /home/airflow/.local/lib/python3.7/site-packages/airflow/example_dags/tutorial_taskflow_api_etl_virtualenv.py
[2022-05-04 21:19:43,264] {logging_mixin.py:115} INFO - [2022-05-04 21:19:43,263] {manager.py:508} INFO - Created Permission View: can edit on DAG:tutorial_taskflow_api_etl_virtualenv
[2022-05-04 21:19:43,334] {logging_mixin.py:115} INFO - [2022-05-04 21:19:43,333] {manager.py:508} INFO - Created Permission View: can delete on DAG:tutorial_taskflow_api_etl_virtualenv
[2022-05-04 21:19:43,398] {logging_mixin.py:115} INFO - [2022-05-04 21:19:43,398] {manager.py:508} INFO - Created Permission View: can read on DAG:tutorial_taskflow_api_etl_virtualenv
[2022-05-04 21:19:43,401] {logging_mixin.py:115} INFO - [2022-05-04 21:19:43,400] {dag.py:2371} INFO - Sync 1 DAGs
[2022-05-04 21:19:43,504] {logging_mixin.py:115} INFO - [2022-05-04 21:19:43,504] {dag.py:2390} INFO - Creating ORM DAG for tutorial_taskflow_api_etl_virtualenv
[2022-05-04 21:19:43,590] {logging_mixin.py:115} INFO - [2022-05-04 21:19:43,590] {dag.py:2919} INFO - Setting next_dagrun for tutorial_taskflow_api_etl_virtualenv to None, run_after=None
[2022-05-04 21:19:43,949] {processor.py:161} INFO - Processing /home/airflow/.local/lib/python3.7/site-packages/airflow/example_dags/tutorial_taskflow_api_etl_virtualenv.py took 2.585 seconds
[2022-05-04 21:20:14,467] {processor.py:153} INFO - Started process (PID=597) to work on /home/airflow/.local/lib/python3.7/site-packages/airflow/example_dags/tutorial_taskflow_api_etl_virtualenv.py
[2022-05-04 21:20:14,470] {processor.py:641} INFO - Processing file /home/airflow/.local/lib/python3.7/site-packages/airflow/example_dags/tutorial_taskflow_api_etl_virtualenv.py for tasks to queue
[2022-05-04 21:20:14,474] {logging_mixin.py:115} INFO - [2022-05-04 21:20:14,473] {dagbag.py:507} INFO - Filling up the DagBag from /home/airflow/.local/lib/python3.7/site-packages/airflow/example_dags/tutorial_taskflow_api_etl_virtualenv.py
[2022-05-04 21:20:14,727] {processor.py:651} INFO - DAG(s) dict_keys(['tutorial_taskflow_api_etl_virtualenv']) retrieved from /home/airflow/.local/lib/python3.7/site-packages/airflow/example_dags/tutorial_taskflow_api_etl_virtualenv.py
[2022-05-04 21:20:14,882] {logging_mixin.py:115} INFO - [2022-05-04 21:20:14,882] {dag.py:2371} INFO - Sync 1 DAGs
[2022-05-04 21:20:14,949] {logging_mixin.py:115} INFO - [2022-05-04 21:20:14,949] {dag.py:2919} INFO - Setting next_dagrun for tutorial_taskflow_api_etl_virtualenv to None, run_after=None
[2022-05-04 21:20:15,034] {processor.py:161} INFO - Processing /home/airflow/.local/lib/python3.7/site-packages/airflow/example_dags/tutorial_taskflow_api_etl_virtualenv.py took 0.575 seconds
[2022-05-04 21:20:45,256] {processor.py:153} INFO - Started process (PID=787) to work on /home/airflow/.local/lib/python3.7/site-packages/airflow/example_dags/tutorial_taskflow_api_etl_virtualenv.py
[2022-05-04 21:20:45,261] {processor.py:641} INFO - Processing file /home/airflow/.local/lib/python3.7/site-packages/airflow/example_dags/tutorial_taskflow_api_etl_virtualenv.py for tasks to queue
[2022-05-04 21:20:45,266] {logging_mixin.py:115} INFO - [2022-05-04 21:20:45,265] {dagbag.py:507} INFO - Filling up the DagBag from /home/airflow/.local/lib/python3.7/site-packages/airflow/example_dags/tutorial_taskflow_api_etl_virtualenv.py
[2022-05-04 21:20:45,496] {processor.py:651} INFO - DAG(s) dict_keys(['tutorial_taskflow_api_etl_virtualenv']) retrieved from /home/airflow/.local/lib/python3.7/site-packages/airflow/example_dags/tutorial_taskflow_api_etl_virtualenv.py
[2022-05-04 21:20:45,617] {logging_mixin.py:115} INFO - [2022-05-04 21:20:45,617] {dag.py:2371} INFO - Sync 1 DAGs
[2022-05-04 21:20:45,696] {logging_mixin.py:115} INFO - [2022-05-04 21:20:45,695] {dag.py:2919} INFO - Setting next_dagrun for tutorial_taskflow_api_etl_virtualenv to None, run_after=None
[2022-05-04 21:20:45,751] {processor.py:161} INFO - Processing /home/airflow/.local/lib/python3.7/site-packages/airflow/example_dags/tutorial_taskflow_api_etl_virtualenv.py took 0.508 seconds
[2022-05-04 21:21:16,267] {processor.py:153} INFO - Started process (PID=977) to work on /home/airflow/.local/lib/python3.7/site-packages/airflow/example_dags/tutorial_taskflow_api_etl_virtualenv.py
[2022-05-04 21:21:16,290] {processor.py:641} INFO - Processing file /home/airflow/.local/lib/python3.7/site-packages/airflow/example_dags/tutorial_taskflow_api_etl_virtualenv.py for tasks to queue
[2022-05-04 21:21:16,295] {logging_mixin.py:115} INFO - [2022-05-04 21:21:16,295] {dagbag.py:507} INFO - Filling up the DagBag from /home/airflow/.local/lib/python3.7/site-packages/airflow/example_dags/tutorial_taskflow_api_etl_virtualenv.py
[2022-05-04 21:21:16,803] {processor.py:651} INFO - DAG(s) dict_keys(['tutorial_taskflow_api_etl_virtualenv']) retrieved from /home/airflow/.local/lib/python3.7/site-packages/airflow/example_dags/tutorial_taskflow_api_etl_virtualenv.py
[2022-05-04 21:21:16,944] {logging_mixin.py:115} INFO - [2022-05-04 21:21:16,944] {dag.py:2371} INFO - Sync 1 DAGs
[2022-05-04 21:21:16,993] {logging_mixin.py:115} INFO - [2022-05-04 21:21:16,993] {dag.py:2919} INFO - Setting next_dagrun for tutorial_taskflow_api_etl_virtualenv to None, run_after=None
[2022-05-04 21:21:17,031] {processor.py:161} INFO - Processing /home/airflow/.local/lib/python3.7/site-packages/airflow/example_dags/tutorial_taskflow_api_etl_virtualenv.py took 0.779 seconds
[2022-05-04 21:21:47,440] {processor.py:153} INFO - Started process (PID=1164) to work on /home/airflow/.local/lib/python3.7/site-packages/airflow/example_dags/tutorial_taskflow_api_etl_virtualenv.py
[2022-05-04 21:21:47,449] {processor.py:641} INFO - Processing file /home/airflow/.local/lib/python3.7/site-packages/airflow/example_dags/tutorial_taskflow_api_etl_virtualenv.py for tasks to queue
[2022-05-04 21:21:47,471] {logging_mixin.py:115} INFO - [2022-05-04 21:21:47,462] {dagbag.py:507} INFO - Filling up the DagBag from /home/airflow/.local/lib/python3.7/site-packages/airflow/example_dags/tutorial_taskflow_api_etl_virtualenv.py
[2022-05-04 21:21:47,992] {processor.py:651} INFO - DAG(s) dict_keys(['tutorial_taskflow_api_etl_virtualenv']) retrieved from /home/airflow/.local/lib/python3.7/site-packages/airflow/example_dags/tutorial_taskflow_api_etl_virtualenv.py
[2022-05-04 21:21:48,136] {logging_mixin.py:115} INFO - [2022-05-04 21:21:48,136] {dag.py:2371} INFO - Sync 1 DAGs
[2022-05-04 21:21:48,188] {logging_mixin.py:115} INFO - [2022-05-04 21:21:48,188] {dag.py:2919} INFO - Setting next_dagrun for tutorial_taskflow_api_etl_virtualenv to None, run_after=None
[2022-05-04 21:21:48,220] {processor.py:161} INFO - Processing /home/airflow/.local/lib/python3.7/site-packages/airflow/example_dags/tutorial_taskflow_api_etl_virtualenv.py took 0.814 seconds
[2022-05-04 21:22:21,155] {processor.py:153} INFO - Started process (PID=1356) to work on /home/airflow/.local/lib/python3.7/site-packages/airflow/example_dags/tutorial_taskflow_api_etl_virtualenv.py
[2022-05-04 21:22:21,159] {processor.py:641} INFO - Processing file /home/airflow/.local/lib/python3.7/site-packages/airflow/example_dags/tutorial_taskflow_api_etl_virtualenv.py for tasks to queue
[2022-05-04 21:22:21,162] {logging_mixin.py:115} INFO - [2022-05-04 21:22:21,161] {dagbag.py:507} INFO - Filling up the DagBag from /home/airflow/.local/lib/python3.7/site-packages/airflow/example_dags/tutorial_taskflow_api_etl_virtualenv.py
[2022-05-04 21:22:21,200] {processor.py:651} INFO - DAG(s) dict_keys(['tutorial_taskflow_api_etl_virtualenv']) retrieved from /home/airflow/.local/lib/python3.7/site-packages/airflow/example_dags/tutorial_taskflow_api_etl_virtualenv.py
[2022-05-04 21:22:21,339] {logging_mixin.py:115} INFO - [2022-05-04 21:22:21,339] {dag.py:2371} INFO - Sync 1 DAGs
[2022-05-04 21:22:21,377] {logging_mixin.py:115} INFO - [2022-05-04 21:22:21,376] {dag.py:2919} INFO - Setting next_dagrun for tutorial_taskflow_api_etl_virtualenv to None, run_after=None
[2022-05-04 21:22:21,403] {processor.py:161} INFO - Processing /home/airflow/.local/lib/python3.7/site-packages/airflow/example_dags/tutorial_taskflow_api_etl_virtualenv.py took 0.252 seconds
[2022-05-04 21:22:52,122] {processor.py:153} INFO - Started process (PID=1553) to work on /home/airflow/.local/lib/python3.7/site-packages/airflow/example_dags/tutorial_taskflow_api_etl_virtualenv.py
[2022-05-04 21:22:52,126] {processor.py:641} INFO - Processing file /home/airflow/.local/lib/python3.7/site-packages/airflow/example_dags/tutorial_taskflow_api_etl_virtualenv.py for tasks to queue
[2022-05-04 21:22:52,130] {logging_mixin.py:115} INFO - [2022-05-04 21:22:52,130] {dagbag.py:507} INFO - Filling up the DagBag from /home/airflow/.local/lib/python3.7/site-packages/airflow/example_dags/tutorial_taskflow_api_etl_virtualenv.py
[2022-05-04 21:22:52,179] {processor.py:651} INFO - DAG(s) dict_keys(['tutorial_taskflow_api_etl_virtualenv']) retrieved from /home/airflow/.local/lib/python3.7/site-packages/airflow/example_dags/tutorial_taskflow_api_etl_virtualenv.py
[2022-05-04 21:22:52,344] {logging_mixin.py:115} INFO - [2022-05-04 21:22:52,344] {dag.py:2371} INFO - Sync 1 DAGs
[2022-05-04 21:22:52,389] {logging_mixin.py:115} INFO - [2022-05-04 21:22:52,389] {dag.py:2919} INFO - Setting next_dagrun for tutorial_taskflow_api_etl_virtualenv to None, run_after=None
[2022-05-04 21:22:52,439] {processor.py:161} INFO - Processing /home/airflow/.local/lib/python3.7/site-packages/airflow/example_dags/tutorial_taskflow_api_etl_virtualenv.py took 0.323 seconds
[2022-05-04 21:23:22,935] {processor.py:153} INFO - Started process (PID=1744) to work on /home/airflow/.local/lib/python3.7/site-packages/airflow/example_dags/tutorial_taskflow_api_etl_virtualenv.py
[2022-05-04 21:23:22,940] {processor.py:641} INFO - Processing file /home/airflow/.local/lib/python3.7/site-packages/airflow/example_dags/tutorial_taskflow_api_etl_virtualenv.py for tasks to queue
[2022-05-04 21:23:22,946] {logging_mixin.py:115} INFO - [2022-05-04 21:23:22,945] {dagbag.py:507} INFO - Filling up the DagBag from /home/airflow/.local/lib/python3.7/site-packages/airflow/example_dags/tutorial_taskflow_api_etl_virtualenv.py
[2022-05-04 21:23:23,056] {processor.py:651} INFO - DAG(s) dict_keys(['tutorial_taskflow_api_etl_virtualenv']) retrieved from /home/airflow/.local/lib/python3.7/site-packages/airflow/example_dags/tutorial_taskflow_api_etl_virtualenv.py
[2022-05-04 21:23:23,708] {logging_mixin.py:115} INFO - [2022-05-04 21:23:23,708] {dag.py:2371} INFO - Sync 1 DAGs
[2022-05-04 21:23:23,849] {logging_mixin.py:115} INFO - [2022-05-04 21:23:23,849] {dag.py:2919} INFO - Setting next_dagrun for tutorial_taskflow_api_etl_virtualenv to None, run_after=None
[2022-05-04 21:23:23,897] {processor.py:161} INFO - Processing /home/airflow/.local/lib/python3.7/site-packages/airflow/example_dags/tutorial_taskflow_api_etl_virtualenv.py took 0.995 seconds
